#
# There is insufficient memory for the Java Runtime Environment to continue.
# Native memory allocation (mmap) failed to map 54525952 bytes for Failed to commit area from 0x0000000090000000 to 0x0000000093400000 of length 54525952.
# Possible reasons:
#   The system is out of physical RAM or swap space
#   The process is running with CompressedOops enabled, and the Java Heap may be blocking the growth of the native heap
# Possible solutions:
#   Reduce memory load on the system
#   Increase physical memory or swap space
#   Check if swap backing store is full
#   Decrease Java heap size (-Xmx/-Xms)
#   Decrease number of Java threads
#   Decrease Java thread stack sizes (-Xss)
#   Set larger code cache with -XX:ReservedCodeCacheSize=
#   JVM is running with Unscaled Compressed Oops mode in which the Java heap is
#     placed in the first 4GB address space. The Java Heap base address is the
#     maximum limit for the native heap growth. Please use -XX:HeapBaseMinAddress
#     to set the Java Heap base and to place the Java Heap above 4GB virtual address.
# This output file may be truncated or incomplete.
#
#  Out of Memory Error (./src/hotspot/os/windows/os_windows.cpp:3303), pid=16248, tid=26488
#
# JRE version: OpenJDK Runtime Environment (11.0.8+10) (build 11.0.8+10-b944.6842174)
# Java VM: OpenJDK 64-Bit Server VM (11.0.8+10-b944.6842174, mixed mode, tiered, compressed oops, g1 gc, windows-amd64)
# No core dump will be written. Minidumps are not enabled by default on client versions of Windows
#

---------------  S U M M A R Y ------------

Command Line: --add-opens=java.base/java.util=ALL-UNNAMED --add-opens=java.base/java.lang=ALL-UNNAMED --add-opens=java.base/java.lang.invoke=ALL-UNNAMED --add-opens=java.prefs/java.util.prefs=ALL-UNNAMED -Xmx2048m -Dfile.encoding=UTF-8 -Duser.country=US -Duser.language=en -Duser.variant org.gradle.launcher.daemon.bootstrap.GradleDaemon 6.7.1

Host: Intel(R) Core(TM) i7-9750H CPU @ 2.60GHz, 12 cores, 15G,  Windows 10 , 64 bit Build 19041 (10.0.19041.1503)
Time: Thu Mar  3 00:52:59 2022 India Standard Time elapsed time: 8 seconds (0d 0h 0m 8s)

---------------  T H R E A D  ---------------

Current thread (0x000001f5c4561000):  VMThread "VM Thread" [stack: 0x0000006f6be00000,0x0000006f6bf00000] [id=26488]

Stack: [0x0000006f6be00000,0x0000006f6bf00000]
[error occurred during error reporting (printing stack bounds), id 0xc0000005, EXCEPTION_ACCESS_VIOLATION (0xc0000005) at pc=0x000001f5acfa0dad]

Native frames: (J=compiled Java code, j=interpreted, Vv=VM code, C=native code)
V  [jvm.dll+0x5de50a]
V  [jvm.dll+0x7122f5]
V  [jvm.dll+0x71384d]
V  [jvm.dll+0x713e65]
V  [jvm.dll+0x713e1b]
V  [jvm.dll+0x5dd958]
V  [jvm.dll+0x5de0f8]
C  [ntdll.dll+0xa20cf]
C  [ntdll.dll+0x51454]
C  [ntdll.dll+0xa0bfe]
C  0x000001f5acfa0dad

VM_Operation (0x0000006f769fdf40): G1CollectForAllocation, mode: safepoint, requested by thread 0x000001f5cc164800


---------------  P R O C E S S  ---------------

Threads class SMR info:
_java_thread_list=0x000001f5ccdf4c90, length=158, elements={
0x000001f5a7e4c800, 0x000001f5c4e03800, 0x000001f5c4e04800, 0x000001f5c4572000,
0x000001f5c4573800, 0x000001f5c4575800, 0x000001f5c457b800, 0x000001f5c4e58000,
0x000001f5c4fd2000, 0x000001f5c4fd3800, 0x000001f5c7536800, 0x000001f5c5c52800,
0x000001f5c52fa000, 0x000001f5c6e36800, 0x000001f5c611e800, 0x000001f5c6dfe800,
0x000001f5c5c7b800, 0x000001f5c7432000, 0x000001f5c64f9000, 0x000001f5c70d2000,
0x000001f5c70ce800, 0x000001f5c70cd800, 0x000001f5c70cf000, 0x000001f5c75a6000,
0x000001f5c70d0000, 0x000001f5c70cc000, 0x000001f5c70ca000, 0x000001f5c70cc800,
0x000001f5c70cb000, 0x000001f5c79cb000, 0x000001f5c79cf000, 0x000001f5ca85c000,
0x000001f5c79cc000, 0x000001f5c79ce800, 0x000001f5c79d0000, 0x000001f5c79d1000,
0x000001f5c79d2800, 0x000001f5c79d3800, 0x000001f5c79cd800, 0x000001f5c79d9000,
0x000001f5c79d7800, 0x000001f5c79d4000, 0x000001f5c79d6800, 0x000001f5c79d5800,
0x000001f5c79d5000, 0x000001f5c79d8000, 0x000001f5c79da000, 0x000001f5c9a48000,
0x000001f5c9a45000, 0x000001f5c9a44000, 0x000001f5c9a46000, 0x000001f5c9a46800,
0x000001f5c9a47800, 0x000001f5c9a43800, 0x000001f5c9a4c800, 0x000001f5c9a4a000,
0x000001f5c9a4d000, 0x000001f5c9a49000, 0x000001f5c9a4b800, 0x000001f5c9a50800,
0x000001f5c9a4e000, 0x000001f5c9a4f000, 0x000001f5c9a4f800, 0x000001f5c9a4a800,
0x000001f5c9a51000, 0x000001f5c9a52000, 0x000001f5c7623000, 0x000001f5c7623800,
0x000001f5c761f800, 0x000001f5c7624800, 0x000001f5c7625800, 0x000001f5c7626000,
0x000001f5c7620800, 0x000001f5c7621800, 0x000001f5c7627000, 0x000001f5c7622000,
0x000001f5c7628800, 0x000001f5c7629800, 0x000001f5c7628000, 0x000001f5c762b000,
0x000001f5c762a800, 0x000001f5c762c800, 0x000001f5c762d800, 0x000001f5c762c000,
0x000001f5c762e800, 0x000001f5c96c2800, 0x000001f5c96c2000, 0x000001f5c96c4800,
0x000001f5c96c6000, 0x000001f5c96c5000, 0x000001f5c96c1000, 0x000001f5c96c3800,
0x000001f5c96c0800, 0x000001f5c96cb000, 0x000001f5c96c9800, 0x000001f5c96c8800,
0x000001f5c96c7000, 0x000001f5c96ca000, 0x000001f5c96cd800, 0x000001f5c96c7800,
0x000001f5c96ce000, 0x000001f5c96cc800, 0x000001f5c96cb800, 0x000001f5c96cf000,
0x000001f5c8cae000, 0x000001f5c8cad000, 0x000001f5c8caa800, 0x000001f5c8cab800,
0x000001f5c8caa000, 0x000001f5c8cac800, 0x000001f5c8ca8000, 0x000001f5c8cae800,
0x000001f5c8ca9000, 0x000001f5c8cb0800, 0x000001f5c8cb1000, 0x000001f5c8cb4800,
0x000001f5c8cb5800, 0x000001f5c8caf800, 0x000001f5c8cb6000, 0x000001f5c8cb7000,
0x000001f5c8cb3000, 0x000001f5c8cb2000, 0x000001f5c8cb3800, 0x000001f5cae99800,
0x000001f5cae9c000, 0x000001f5cae96000, 0x000001f5cae9a000, 0x000001f5cae9c800,
0x000001f5cae97000, 0x000001f5cae9b000, 0x000001f5cae9d800, 0x000001f5cae97800,
0x000001f5cae9e800, 0x000001f5cae98800, 0x000001f5caea0800, 0x000001f5caea3000,
0x000001f5caea2800, 0x000001f5caea4000, 0x000001f5caea1800, 0x000001f5caea5000,
0x000001f5cae9f000, 0x000001f5caea0000, 0x000001f5cc158000, 0x000001f5cc159800,
0x000001f5cc15b800, 0x000001f5cc15c000, 0x000001f5cc156800, 0x000001f5cc15d000,
0x000001f5cc157000, 0x000001f5cc15e000, 0x000001f5cc15e800, 0x000001f5cc159000,
0x000001f5cc162000, 0x000001f5cc161000, 0x000001f5cc160000, 0x000001f5cc162800,
0x000001f5cc163800, 0x000001f5cc164800
}

Java Threads: ( => current thread )
  0x000001f5a7e4c800 JavaThread "main" [_thread_blocked, id=25184, stack(0x0000006f6b800000,0x0000006f6b900000)]
  0x000001f5c4e03800 JavaThread "Reference Handler" daemon [_thread_blocked, id=21792, stack(0x0000006f6bf00000,0x0000006f6c000000)]
  0x000001f5c4e04800 JavaThread "Finalizer" daemon [_thread_blocked, id=3488, stack(0x0000006f6c000000,0x0000006f6c100000)]
  0x000001f5c4572000 JavaThread "Signal Dispatcher" daemon [_thread_blocked, id=28552, stack(0x0000006f6c100000,0x0000006f6c200000)]
  0x000001f5c4573800 JavaThread "Attach Listener" daemon [_thread_blocked, id=20232, stack(0x0000006f6c200000,0x0000006f6c300000)]
  0x000001f5c4575800 JavaThread "C2 CompilerThread0" daemon [_thread_blocked, id=22864, stack(0x0000006f6c300000,0x0000006f6c400000)]
  0x000001f5c457b800 JavaThread "C1 CompilerThread0" daemon [_thread_blocked, id=26992, stack(0x0000006f6c400000,0x0000006f6c500000)]
  0x000001f5c4e58000 JavaThread "Sweeper thread" daemon [_thread_blocked, id=2960, stack(0x0000006f6c500000,0x0000006f6c600000)]
  0x000001f5c4fd2000 JavaThread "Common-Cleaner" daemon [_thread_blocked, id=11960, stack(0x0000006f6c600000,0x0000006f6c700000)]
  0x000001f5c4fd3800 JavaThread "Service Thread" daemon [_thread_blocked, id=29388, stack(0x0000006f6c700000,0x0000006f6c800000)]
  0x000001f5c7536800 JavaThread "Daemon health stats" [_thread_blocked, id=22040, stack(0x0000006f6d000000,0x0000006f6d100000)]
  0x000001f5c5c52800 JavaThread "Incoming local TCP Connector on port 50102" [_thread_in_native, id=30704, stack(0x0000006f6d100000,0x0000006f6d200000)]
  0x000001f5c52fa000 JavaThread "Daemon periodic checks" [_thread_blocked, id=27344, stack(0x0000006f6d200000,0x0000006f6d300000)]
  0x000001f5c6e36800 JavaThread "Daemon" [_thread_blocked, id=2972, stack(0x0000006f6d300000,0x0000006f6d400000)]
  0x000001f5c611e800 JavaThread "Handler for socket connection from /127.0.0.1:50102 to /127.0.0.1:50103" [_thread_in_native, id=21068, stack(0x0000006f6d400000,0x0000006f6d500000)]
  0x000001f5c6dfe800 JavaThread "Cancel handler" [_thread_blocked, id=29200, stack(0x0000006f6d500000,0x0000006f6d600000)]
  0x000001f5c5c7b800 JavaThread "Daemon worker" [_thread_blocked, id=30388, stack(0x0000006f6d600000,0x0000006f6d700000)]
  0x000001f5c7432000 JavaThread "Asynchronous log dispatcher for DefaultDaemonConnection: socket connection from /127.0.0.1:50102 to /127.0.0.1:50103" [_thread_blocked, id=8112, stack(0x0000006f6d700000,0x0000006f6d800000)]
  0x000001f5c64f9000 JavaThread "Stdin handler" [_thread_blocked, id=15596, stack(0x0000006f6d800000,0x0000006f6d900000)]
  0x000001f5c70d2000 JavaThread "Thread-8" [_thread_blocked, id=25620, stack(0x0000006f6d900000,0x0000006f6da00000)]
  0x000001f5c70ce800 JavaThread "Cache worker for file hash cache (C:\Users\Ishan\.gradle\caches\6.7.1\fileHashes)" [_thread_blocked, id=5132, stack(0x0000006f6da00000,0x0000006f6db00000)]
  0x000001f5c70cd800 JavaThread "File lock request listener" [_thread_in_native, id=17840, stack(0x0000006f6db00000,0x0000006f6dc00000)]
  0x000001f5c70cf000 JavaThread "Cache worker for journal cache (C:\Users\Ishan\.gradle\caches\journal-1)" [_thread_blocked, id=15456, stack(0x0000006f6e200000,0x0000006f6e300000)]
  0x000001f5c75a6000 JavaThread "C2 CompilerThread1" daemon [_thread_blocked, id=16616, stack(0x0000006f6e300000,0x0000006f6e400000)]
  0x000001f5c70d0000 JavaThread "Cache worker for file hash cache (D:\AlumniPortal\.gradle\6.7.1\fileHashes)" [_thread_blocked, id=13888, stack(0x0000006f6e400000,0x0000006f6e500000)]
  0x000001f5c70cc000 JavaThread "Cache worker for checksums cache (D:\AlumniPortal\.gradle\checksums)" [_thread_blocked, id=1580, stack(0x0000006f6e500000,0x0000006f6e600000)]
  0x000001f5c70ca000 JavaThread "Cache worker for cache directory md-supplier (C:\Users\Ishan\.gradle\caches\6.7.1\md-supplier)" [_thread_blocked, id=23876, stack(0x0000006f6e600000,0x0000006f6e700000)]
  0x000001f5c70cc800 JavaThread "Cache worker for cache directory md-rule (C:\Users\Ishan\.gradle\caches\6.7.1\md-rule)" [_thread_blocked, id=15668, stack(0x0000006f6e700000,0x0000006f6e800000)]
  0x000001f5c70cb000 JavaThread "Cache worker for execution history cache (C:\Users\Ishan\.gradle\caches\6.7.1\executionHistory)" [_thread_blocked, id=32, stack(0x0000006f6e800000,0x0000006f6e900000)]
  0x000001f5c79cb000 JavaThread "jar transforms" [_thread_blocked, id=25112, stack(0x0000006f6e900000,0x0000006f6ea00000)]
  0x000001f5c79cf000 JavaThread "Cache worker for file content cache (C:\Users\Ishan\.gradle\caches\6.7.1\fileContent)" [_thread_blocked, id=22036, stack(0x0000006f6ea00000,0x0000006f6eb00000)]
  0x000001f5ca85c000 JavaThread "C2 CompilerThread2" daemon [_thread_blocked, id=832, stack(0x0000006f6eb00000,0x0000006f6ec00000)]
  0x000001f5c79cc000 JavaThread "Cache worker for Build Output Cleanup Cache (D:\AlumniPortal\.gradle\buildOutputCleanup)" [_thread_blocked, id=27308, stack(0x0000006f6ec00000,0x0000006f6ed00000)]
  0x000001f5c79ce800 JavaThread "Build operations" [_thread_blocked, id=22520, stack(0x0000006f6ed00000,0x0000006f6ee00000)]
  0x000001f5c79d0000 JavaThread "Build operations Thread 2" [_thread_blocked, id=25676, stack(0x0000006f6ee00000,0x0000006f6ef00000)]
  0x000001f5c79d1000 JavaThread "Build operations Thread 3" [_thread_blocked, id=19360, stack(0x0000006f6ef00000,0x0000006f6f000000)]
  0x000001f5c79d2800 JavaThread "Build operations Thread 4" [_thread_blocked, id=21108, stack(0x0000006f6f000000,0x0000006f6f100000)]
  0x000001f5c79d3800 JavaThread "Build operations Thread 5" [_thread_blocked, id=16596, stack(0x0000006f6f100000,0x0000006f6f200000)]
  0x000001f5c79cd800 JavaThread "Build operations Thread 6" [_thread_blocked, id=27392, stack(0x0000006f6f200000,0x0000006f6f300000)]
  0x000001f5c79d9000 JavaThread "Build operations Thread 7" [_thread_blocked, id=24176, stack(0x0000006f6f300000,0x0000006f6f400000)]
  0x000001f5c79d7800 JavaThread "Build operations Thread 8" [_thread_blocked, id=29084, stack(0x0000006f6f400000,0x0000006f6f500000)]
  0x000001f5c79d4000 JavaThread "Build operations Thread 9" [_thread_blocked, id=28000, stack(0x0000006f6f500000,0x0000006f6f600000)]
  0x000001f5c79d6800 JavaThread "Build operations Thread 10" [_thread_blocked, id=27768, stack(0x0000006f6f600000,0x0000006f6f700000)]
  0x000001f5c79d5800 JavaThread "Build operations Thread 11" [_thread_blocked, id=2428, stack(0x0000006f6f700000,0x0000006f6f800000)]
  0x000001f5c79d5000 JavaThread "Build operations Thread 12" [_thread_blocked, id=21864, stack(0x0000006f6f800000,0x0000006f6f900000)]
  0x000001f5c79d8000 JavaThread "jar transforms Thread 2" [_thread_blocked, id=7240, stack(0x0000006f6f900000,0x0000006f6fa00000)]
  0x000001f5c79da000 JavaThread "jar transforms Thread 3" [_thread_blocked, id=19176, stack(0x0000006f6fa00000,0x0000006f6fb00000)]
  0x000001f5c9a48000 JavaThread "jar transforms Thread 4" [_thread_blocked, id=28620, stack(0x0000006f6fb00000,0x0000006f6fc00000)]
  0x000001f5c9a45000 JavaThread "jar transforms Thread 5" [_thread_blocked, id=21048, stack(0x0000006f6fc00000,0x0000006f6fd00000)]
  0x000001f5c9a44000 JavaThread "jar transforms Thread 6" [_thread_blocked, id=23756, stack(0x0000006f6fd00000,0x0000006f6fe00000)]
  0x000001f5c9a46000 JavaThread "jar transforms Thread 7" [_thread_blocked, id=19964, stack(0x0000006f6fe00000,0x0000006f6ff00000)]
  0x000001f5c9a46800 JavaThread "jar transforms Thread 8" [_thread_blocked, id=22696, stack(0x0000006f6ff00000,0x0000006f70000000)]
  0x000001f5c9a47800 JavaThread "jar transforms Thread 9" [_thread_blocked, id=2552, stack(0x0000006f70000000,0x0000006f70100000)]
  0x000001f5c9a43800 JavaThread "jar transforms Thread 10" [_thread_blocked, id=5152, stack(0x0000006f70100000,0x0000006f70200000)]
  0x000001f5c9a4c800 JavaThread "jar transforms Thread 11" [_thread_blocked, id=14916, stack(0x0000006f70200000,0x0000006f70300000)]
  0x000001f5c9a4a000 JavaThread "jar transforms Thread 12" [_thread_blocked, id=30300, stack(0x0000006f70300000,0x0000006f70400000)]
  0x000001f5c9a4d000 JavaThread "jar transforms Thread 13" [_thread_blocked, id=14752, stack(0x0000006f70400000,0x0000006f70500000)]
  0x000001f5c9a49000 JavaThread "jar transforms Thread 14" [_thread_blocked, id=25312, stack(0x0000006f70500000,0x0000006f70600000)]
  0x000001f5c9a4b800 JavaThread "jar transforms Thread 15" [_thread_blocked, id=24892, stack(0x0000006f70600000,0x0000006f70700000)]
  0x000001f5c9a50800 JavaThread "jar transforms Thread 16" [_thread_blocked, id=27680, stack(0x0000006f70700000,0x0000006f70800000)]
  0x000001f5c9a4e000 JavaThread "jar transforms Thread 17" [_thread_blocked, id=11572, stack(0x0000006f70800000,0x0000006f70900000)]
  0x000001f5c9a4f000 JavaThread "jar transforms Thread 18" [_thread_blocked, id=28716, stack(0x0000006f70900000,0x0000006f70a00000)]
  0x000001f5c9a4f800 JavaThread "jar transforms Thread 19" [_thread_blocked, id=27968, stack(0x0000006f70a00000,0x0000006f70b00000)]
  0x000001f5c9a4a800 JavaThread "jar transforms Thread 20" [_thread_blocked, id=23144, stack(0x0000006f70b00000,0x0000006f70c00000)]
  0x000001f5c9a51000 JavaThread "jar transforms Thread 21" [_thread_blocked, id=2568, stack(0x0000006f70c00000,0x0000006f70d00000)]
  0x000001f5c9a52000 JavaThread "jar transforms Thread 22" [_thread_blocked, id=13048, stack(0x0000006f70d00000,0x0000006f70e00000)]
  0x000001f5c7623000 JavaThread "jar transforms Thread 23" [_thread_blocked, id=18396, stack(0x0000006f70e00000,0x0000006f70f00000)]
  0x000001f5c7623800 JavaThread "jar transforms Thread 24" [_thread_blocked, id=26936, stack(0x0000006f70f00000,0x0000006f71000000)]
  0x000001f5c761f800 JavaThread "jar transforms Thread 25" [_thread_blocked, id=5812, stack(0x0000006f71000000,0x0000006f71100000)]
  0x000001f5c7624800 JavaThread "jar transforms Thread 26" [_thread_blocked, id=15584, stack(0x0000006f71100000,0x0000006f71200000)]
  0x000001f5c7625800 JavaThread "jar transforms Thread 27" [_thread_blocked, id=18668, stack(0x0000006f71200000,0x0000006f71300000)]
  0x000001f5c7626000 JavaThread "jar transforms Thread 28" [_thread_blocked, id=11168, stack(0x0000006f71300000,0x0000006f71400000)]
  0x000001f5c7620800 JavaThread "jar transforms Thread 29" [_thread_blocked, id=23384, stack(0x0000006f71400000,0x0000006f71500000)]
  0x000001f5c7621800 JavaThread "jar transforms Thread 30" [_thread_blocked, id=17968, stack(0x0000006f71500000,0x0000006f71600000)]
  0x000001f5c7627000 JavaThread "jar transforms Thread 31" [_thread_blocked, id=16124, stack(0x0000006f71600000,0x0000006f71700000)]
  0x000001f5c7622000 JavaThread "jar transforms Thread 32" [_thread_blocked, id=20488, stack(0x0000006f71700000,0x0000006f71800000)]
  0x000001f5c7628800 JavaThread "jar transforms Thread 33" [_thread_blocked, id=28828, stack(0x0000006f71800000,0x0000006f71900000)]
  0x000001f5c7629800 JavaThread "jar transforms Thread 34" [_thread_blocked, id=19228, stack(0x0000006f71900000,0x0000006f71a00000)]
  0x000001f5c7628000 JavaThread "jar transforms Thread 35" [_thread_blocked, id=21476, stack(0x0000006f71a00000,0x0000006f71b00000)]
  0x000001f5c762b000 JavaThread "jar transforms Thread 36" [_thread_blocked, id=28392, stack(0x0000006f71b00000,0x0000006f71c00000)]
  0x000001f5c762a800 JavaThread "jar transforms Thread 37" [_thread_blocked, id=11032, stack(0x0000006f71c00000,0x0000006f71d00000)]
  0x000001f5c762c800 JavaThread "jar transforms Thread 38" [_thread_blocked, id=17852, stack(0x0000006f71d00000,0x0000006f71e00000)]
  0x000001f5c762d800 JavaThread "jar transforms Thread 39" [_thread_blocked, id=20332, stack(0x0000006f71e00000,0x0000006f71f00000)]
  0x000001f5c762c000 JavaThread "jar transforms Thread 40" [_thread_blocked, id=20060, stack(0x0000006f71f00000,0x0000006f72000000)]
  0x000001f5c762e800 JavaThread "jar transforms Thread 41" [_thread_blocked, id=17168, stack(0x0000006f72000000,0x0000006f72100000)]
  0x000001f5c96c2800 JavaThread "jar transforms Thread 42" [_thread_blocked, id=30500, stack(0x0000006f72100000,0x0000006f72200000)]
  0x000001f5c96c2000 JavaThread "jar transforms Thread 43" [_thread_blocked, id=27668, stack(0x0000006f72200000,0x0000006f72300000)]
  0x000001f5c96c4800 JavaThread "jar transforms Thread 44" [_thread_blocked, id=15520, stack(0x0000006f72300000,0x0000006f72400000)]
  0x000001f5c96c6000 JavaThread "jar transforms Thread 45" [_thread_blocked, id=29040, stack(0x0000006f72400000,0x0000006f72500000)]
  0x000001f5c96c5000 JavaThread "jar transforms Thread 46" [_thread_blocked, id=29980, stack(0x0000006f72500000,0x0000006f72600000)]
  0x000001f5c96c1000 JavaThread "jar transforms Thread 47" [_thread_blocked, id=17592, stack(0x0000006f72600000,0x0000006f72700000)]
  0x000001f5c96c3800 JavaThread "jar transforms Thread 48" [_thread_blocked, id=22776, stack(0x0000006f72700000,0x0000006f72800000)]
  0x000001f5c96c0800 JavaThread "jar transforms Thread 49" [_thread_blocked, id=23684, stack(0x0000006f72800000,0x0000006f72900000)]
  0x000001f5c96cb000 JavaThread "jar transforms Thread 50" [_thread_blocked, id=23364, stack(0x0000006f72900000,0x0000006f72a00000)]
  0x000001f5c96c9800 JavaThread "jar transforms Thread 51" [_thread_blocked, id=4480, stack(0x0000006f72a00000,0x0000006f72b00000)]
  0x000001f5c96c8800 JavaThread "jar transforms Thread 52" [_thread_blocked, id=25192, stack(0x0000006f72b00000,0x0000006f72c00000)]
  0x000001f5c96c7000 JavaThread "jar transforms Thread 53" [_thread_blocked, id=26968, stack(0x0000006f72c00000,0x0000006f72d00000)]
  0x000001f5c96ca000 JavaThread "jar transforms Thread 54" [_thread_blocked, id=21936, stack(0x0000006f72d00000,0x0000006f72e00000)]
  0x000001f5c96cd800 JavaThread "jar transforms Thread 55" [_thread_blocked, id=1904, stack(0x0000006f72e00000,0x0000006f72f00000)]
  0x000001f5c96c7800 JavaThread "jar transforms Thread 56" [_thread_blocked, id=27404, stack(0x0000006f72f00000,0x0000006f73000000)]
  0x000001f5c96ce000 JavaThread "jar transforms Thread 57" [_thread_blocked, id=812, stack(0x0000006f73000000,0x0000006f73100000)]
  0x000001f5c96cc800 JavaThread "jar transforms Thread 58" [_thread_blocked, id=12048, stack(0x0000006f73100000,0x0000006f73200000)]
  0x000001f5c96cb800 JavaThread "jar transforms Thread 59" [_thread_blocked, id=6088, stack(0x0000006f73200000,0x0000006f73300000)]
  0x000001f5c96cf000 JavaThread "jar transforms Thread 60" [_thread_blocked, id=19008, stack(0x0000006f73300000,0x0000006f73400000)]
  0x000001f5c8cae000 JavaThread "jar transforms Thread 61" [_thread_blocked, id=13172, stack(0x0000006f73400000,0x0000006f73500000)]
  0x000001f5c8cad000 JavaThread "jar transforms Thread 62" [_thread_blocked, id=17884, stack(0x0000006f73500000,0x0000006f73600000)]
  0x000001f5c8caa800 JavaThread "jar transforms Thread 63" [_thread_blocked, id=30684, stack(0x0000006f73600000,0x0000006f73700000)]
  0x000001f5c8cab800 JavaThread "jar transforms Thread 64" [_thread_blocked, id=26560, stack(0x0000006f73700000,0x0000006f73800000)]
  0x000001f5c8caa000 JavaThread "jar transforms Thread 65" [_thread_blocked, id=13616, stack(0x0000006f73800000,0x0000006f73900000)]
  0x000001f5c8cac800 JavaThread "jar transforms Thread 66" [_thread_blocked, id=25616, stack(0x0000006f73900000,0x0000006f73a00000)]
  0x000001f5c8ca8000 JavaThread "jar transforms Thread 67" [_thread_blocked, id=19896, stack(0x0000006f73a00000,0x0000006f73b00000)]
  0x000001f5c8cae800 JavaThread "jar transforms Thread 68" [_thread_blocked, id=20940, stack(0x0000006f73b00000,0x0000006f73c00000)]
  0x000001f5c8ca9000 JavaThread "jar transforms Thread 69" [_thread_blocked, id=23988, stack(0x0000006f73c00000,0x0000006f73d00000)]
  0x000001f5c8cb0800 JavaThread "jar transforms Thread 70" [_thread_blocked, id=24728, stack(0x0000006f73d00000,0x0000006f73e00000)]
  0x000001f5c8cb1000 JavaThread "jar transforms Thread 71" [_thread_blocked, id=24588, stack(0x0000006f73e00000,0x0000006f73f00000)]
  0x000001f5c8cb4800 JavaThread "jar transforms Thread 72" [_thread_blocked, id=6360, stack(0x0000006f73f00000,0x0000006f74000000)]
  0x000001f5c8cb5800 JavaThread "jar transforms Thread 73" [_thread_blocked, id=19860, stack(0x0000006f74000000,0x0000006f74100000)]
  0x000001f5c8caf800 JavaThread "jar transforms Thread 74" [_thread_blocked, id=13080, stack(0x0000006f74100000,0x0000006f74200000)]
  0x000001f5c8cb6000 JavaThread "jar transforms Thread 75" [_thread_blocked, id=24316, stack(0x0000006f74200000,0x0000006f74300000)]
  0x000001f5c8cb7000 JavaThread "jar transforms Thread 76" [_thread_blocked, id=18196, stack(0x0000006f74300000,0x0000006f74400000)]
  0x000001f5c8cb3000 JavaThread "jar transforms Thread 77" [_thread_blocked, id=16992, stack(0x0000006f74400000,0x0000006f74500000)]
  0x000001f5c8cb2000 JavaThread "jar transforms Thread 78" [_thread_blocked, id=1212, stack(0x0000006f74500000,0x0000006f74600000)]
  0x000001f5c8cb3800 JavaThread "jar transforms Thread 79" [_thread_blocked, id=25380, stack(0x0000006f74600000,0x0000006f74700000)]
  0x000001f5cae99800 JavaThread "jar transforms Thread 80" [_thread_blocked, id=24060, stack(0x0000006f74700000,0x0000006f74800000)]
  0x000001f5cae9c000 JavaThread "jar transforms Thread 81" [_thread_blocked, id=28644, stack(0x0000006f74800000,0x0000006f74900000)]
  0x000001f5cae96000 JavaThread "jar transforms Thread 82" [_thread_blocked, id=7208, stack(0x0000006f74900000,0x0000006f74a00000)]
  0x000001f5cae9a000 JavaThread "jar transforms Thread 83" [_thread_blocked, id=22064, stack(0x0000006f74a00000,0x0000006f74b00000)]
  0x000001f5cae9c800 JavaThread "jar transforms Thread 84" [_thread_blocked, id=13764, stack(0x0000006f74b00000,0x0000006f74c00000)]
  0x000001f5cae97000 JavaThread "jar transforms Thread 85" [_thread_blocked, id=12432, stack(0x0000006f74c00000,0x0000006f74d00000)]
  0x000001f5cae9b000 JavaThread "jar transforms Thread 86" [_thread_blocked, id=28440, stack(0x0000006f74d00000,0x0000006f74e00000)]
  0x000001f5cae9d800 JavaThread "jar transforms Thread 87" [_thread_blocked, id=27660, stack(0x0000006f74e00000,0x0000006f74f00000)]
  0x000001f5cae97800 JavaThread "jar transforms Thread 88" [_thread_blocked, id=2116, stack(0x0000006f74f00000,0x0000006f75000000)]
  0x000001f5cae9e800 JavaThread "jar transforms Thread 89" [_thread_blocked, id=14240, stack(0x0000006f75000000,0x0000006f75100000)]
  0x000001f5cae98800 JavaThread "jar transforms Thread 90" [_thread_blocked, id=20072, stack(0x0000006f75100000,0x0000006f75200000)]
  0x000001f5caea0800 JavaThread "jar transforms Thread 91" [_thread_blocked, id=764, stack(0x0000006f75200000,0x0000006f75300000)]
  0x000001f5caea3000 JavaThread "jar transforms Thread 92" [_thread_blocked, id=30208, stack(0x0000006f75300000,0x0000006f75400000)]
  0x000001f5caea2800 JavaThread "jar transforms Thread 93" [_thread_blocked, id=22124, stack(0x0000006f75400000,0x0000006f75500000)]
  0x000001f5caea4000 JavaThread "jar transforms Thread 94" [_thread_blocked, id=24972, stack(0x0000006f75500000,0x0000006f75600000)]
  0x000001f5caea1800 JavaThread "jar transforms Thread 95" [_thread_blocked, id=7544, stack(0x0000006f75600000,0x0000006f75700000)]
  0x000001f5caea5000 JavaThread "jar transforms Thread 96" [_thread_blocked, id=25920, stack(0x0000006f75700000,0x0000006f75800000)]
  0x000001f5cae9f000 JavaThread "jar transforms Thread 97" [_thread_blocked, id=29456, stack(0x0000006f75800000,0x0000006f75900000)]
  0x000001f5caea0000 JavaThread "jar transforms Thread 98" [_thread_blocked, id=21752, stack(0x0000006f75900000,0x0000006f75a00000)]
  0x000001f5cc158000 JavaThread "jar transforms Thread 99" [_thread_blocked, id=30540, stack(0x0000006f75a00000,0x0000006f75b00000)]
  0x000001f5cc159800 JavaThread "Memory manager" [_thread_blocked, id=29296, stack(0x0000006f75b00000,0x0000006f75c00000)]
  0x000001f5cc15b800 JavaThread "build event listener" [_thread_blocked, id=332, stack(0x0000006f75c00000,0x0000006f75d00000)]
  0x000001f5cc15c000 JavaThread "build event listener" [_thread_blocked, id=30124, stack(0x0000006f75d00000,0x0000006f75e00000)]
  0x000001f5cc156800 JavaThread "Execution worker for ':'" [_thread_blocked, id=8764, stack(0x0000006f75e00000,0x0000006f75f00000)]
  0x000001f5cc15d000 JavaThread "Execution worker for ':' Thread 2" [_thread_blocked, id=18248, stack(0x0000006f75f00000,0x0000006f76000000)]
  0x000001f5cc157000 JavaThread "Execution worker for ':' Thread 3" [_thread_blocked, id=29304, stack(0x0000006f76000000,0x0000006f76100000)]
  0x000001f5cc15e000 JavaThread "Execution worker for ':' Thread 4" [_thread_blocked, id=23328, stack(0x0000006f76100000,0x0000006f76200000)]
  0x000001f5cc15e800 JavaThread "Execution worker for ':' Thread 5" [_thread_blocked, id=26868, stack(0x0000006f76200000,0x0000006f76300000)]
  0x000001f5cc159000 JavaThread "Execution worker for ':' Thread 6" [_thread_blocked, id=27240, stack(0x0000006f76300000,0x0000006f76400000)]
  0x000001f5cc162000 JavaThread "Execution worker for ':' Thread 7" [_thread_blocked, id=12632, stack(0x0000006f76400000,0x0000006f76500000)]
  0x000001f5cc161000 JavaThread "Execution worker for ':' Thread 8" [_thread_blocked, id=24912, stack(0x0000006f76500000,0x0000006f76600000)]
  0x000001f5cc160000 JavaThread "Execution worker for ':' Thread 9" [_thread_blocked, id=30676, stack(0x0000006f76600000,0x0000006f76700000)]
  0x000001f5cc162800 JavaThread "Execution worker for ':' Thread 10" [_thread_blocked, id=21676, stack(0x0000006f76700000,0x0000006f76800000)]
  0x000001f5cc163800 JavaThread "Execution worker for ':' Thread 11" [_thread_blocked, id=27084, stack(0x0000006f76800000,0x0000006f76900000)]
  0x000001f5cc164800 JavaThread "Cache worker for execution history cache (D:\AlumniPortal\.gradle\6.7.1\executionHistory)" [_thread_blocked, id=26892, stack(0x0000006f76900000,0x0000006f76a00000)]

Other Threads:
=>0x000001f5c4561000 VMThread "VM Thread" [stack: 0x0000006f6be00000,0x0000006f6bf00000] [id=26488]
  0x000001f5c4fd4800 WatcherThread [stack: 0x0000006f6c800000,0x0000006f6c900000] [id=26636]
  0x000001f5a7e65000 GCTaskThread "GC Thread#0" [stack: 0x0000006f6b900000,0x0000006f6ba00000] [id=21744]
  0x000001f5c5ec0000 GCTaskThread "GC Thread#1" [stack: 0x0000006f6cb00000,0x0000006f6cc00000] [id=16396]
  0x000001f5c5ec3000 GCTaskThread "GC Thread#2" [stack: 0x0000006f6cc00000,0x0000006f6cd00000] [id=24264]
  0x000001f5c5c9a800 GCTaskThread "GC Thread#3" [stack: 0x0000006f6cd00000,0x0000006f6ce00000] [id=29568]
  0x000001f5c5c9b000 GCTaskThread "GC Thread#4" [stack: 0x0000006f6ce00000,0x0000006f6cf00000] [id=18780]
  0x000001f5c54ee000 GCTaskThread "GC Thread#5" [stack: 0x0000006f6cf00000,0x0000006f6d000000] [id=28768]
  0x000001f5c6cfa000 GCTaskThread "GC Thread#6" [stack: 0x0000006f6dc00000,0x0000006f6dd00000] [id=18552]
  0x000001f5c5f57000 GCTaskThread "GC Thread#7" [stack: 0x0000006f6dd00000,0x0000006f6de00000] [id=10736]
  0x000001f5c671e800 GCTaskThread "GC Thread#8" [stack: 0x0000006f6de00000,0x0000006f6df00000] [id=13320]
  0x000001f5c5f54000 GCTaskThread "GC Thread#9" [stack: 0x0000006f6df00000,0x0000006f6e000000] [id=28724]
  0x000001f5a7e96800 ConcurrentGCThread "G1 Main Marker" [stack: 0x0000006f6ba00000,0x0000006f6bb00000] [id=21716]
  0x000001f5a7e9a000 ConcurrentGCThread "G1 Conc#0" [stack: 0x0000006f6bb00000,0x0000006f6bc00000] [id=9408]
  0x000001f5c70b5000 ConcurrentGCThread "G1 Conc#1" [stack: 0x0000006f6e000000,0x0000006f6e100000] [id=2776]
  0x000001f5c730a000 ConcurrentGCThread "G1 Conc#2" [stack: 0x0000006f6e100000,0x0000006f6e200000] [id=17096]
  0x000001f5c4432800 ConcurrentGCThread "G1 Refine#0" [stack: 0x0000006f6bc00000,0x0000006f6bd00000] [id=27300]
  0x000001f5c4433800 ConcurrentGCThread "G1 Young RemSet Sampling" [stack: 0x0000006f6bd00000,0x0000006f6be00000] [id=27180]

Threads with active compile tasks:
C2 CompilerThread0   8857 8217       4       org.gradle.internal.snapshot.AbstractIncompleteSnapshotWithChildren::getSnapshot (15 bytes)
C1 CompilerThread0   8857 8724       2       org.gradle.internal.FileUtils::normalize (52 bytes)
C2 CompilerThread1   8857 8145       4       org.gradle.internal.snapshot.SnapshotUtil::getMetadataFromChildren (317 bytes)
C2 CompilerThread2   8857 7998       4       org.gradle.internal.snapshot.SnapshotUtil::getSnapshotFromChild (41 bytes)

VM state:at safepoint (normal execution)

VM Mutex/Monitor currently owned by a thread:  ([mutex/lock_event])
[0x000001f5a7e4a100] Threads_lock - owner thread: 0x000001f5c4561000
[0x000001f5a7e4a610] Heap_lock - owner thread: 0x000001f5cc164800

Heap address: 0x0000000080000000, size: 2048 MB, Compressed Oops mode: 32-bit
Narrow klass base: 0x0000000000000000, Narrow klass shift: 3
Compressed class space size: 1073741824 Address: 0x0000000100000000

Heap:
 garbage-first heap   total 315392K, used 66043K [0x0000000080000000, 0x0000000100000000)
  region size 1024K, 15 young (15360K), 15 survivors (15360K)
 Metaspace       used 76622K, capacity 78604K, committed 78848K, reserved 1118208K
  class space    used 9992K, capacity 10714K, committed 10752K, reserved 1048576K
Heap Regions: E=young(eden), S=young(survivor), O=old, HS=humongous(starts), HC=humongous(continues), CS=collection set, F=free, A=archive, TAMS=top-at-mark-start (previous, next)
|   0|0x0000000080000000, 0x0000000080100000, 0x0000000080100000|100%| O|  |TAMS 0x0000000080100000, 0x0000000080000000| Untracked 
|   1|0x0000000080100000, 0x0000000080200000, 0x0000000080200000|100%| O|  |TAMS 0x0000000080200000, 0x0000000080100000| Untracked 
|   2|0x0000000080200000, 0x0000000080300000, 0x0000000080300000|100%| O|  |TAMS 0x0000000080300000, 0x0000000080200000| Untracked 
|   3|0x0000000080300000, 0x0000000080400000, 0x0000000080400000|100%|HS|  |TAMS 0x0000000080400000, 0x0000000080300000| Complete 
|   4|0x0000000080400000, 0x0000000080500000, 0x0000000080500000|100%|HC|  |TAMS 0x0000000080500000, 0x0000000080400000| Complete 
|   5|0x0000000080500000, 0x0000000080600000, 0x0000000080600000|100%|HC|  |TAMS 0x0000000080600000, 0x0000000080500000| Complete 
|   6|0x0000000080600000, 0x0000000080700000, 0x0000000080700000|100%| O|  |TAMS 0x0000000080700000, 0x0000000080600000| Untracked 
|   7|0x0000000080700000, 0x0000000080800000, 0x0000000080800000|100%| O|  |TAMS 0x0000000080800000, 0x0000000080700000| Untracked 
|   8|0x0000000080800000, 0x0000000080900000, 0x0000000080900000|100%| O|  |TAMS 0x0000000080900000, 0x0000000080800000| Untracked 
|   9|0x0000000080900000, 0x0000000080a00000, 0x0000000080a00000|100%| O|  |TAMS 0x0000000080a00000, 0x0000000080900000| Untracked 
|  10|0x0000000080a00000, 0x0000000080b00000, 0x0000000080b00000|100%| O|  |TAMS 0x0000000080b00000, 0x0000000080a00000| Untracked 
|  11|0x0000000080b00000, 0x0000000080c00000, 0x0000000080c00000|100%| O|  |TAMS 0x0000000080c00000, 0x0000000080b00000| Untracked 
|  12|0x0000000080c00000, 0x0000000080d00000, 0x0000000080d00000|100%| O|  |TAMS 0x0000000080d00000, 0x0000000080c00000| Untracked 
|  13|0x0000000080d00000, 0x0000000080e00000, 0x0000000080e00000|100%| O|  |TAMS 0x0000000080e00000, 0x0000000080d00000| Untracked 
|  14|0x0000000080e00000, 0x0000000080f00000, 0x0000000080f00000|100%| O|  |TAMS 0x0000000080f00000, 0x0000000080e00000| Untracked 
|  15|0x0000000080f00000, 0x0000000081000000, 0x0000000081000000|100%| O|  |TAMS 0x0000000081000000, 0x0000000080f00000| Untracked 
|  16|0x0000000081000000, 0x0000000081100000, 0x0000000081100000|100%|HS|  |TAMS 0x0000000081100000, 0x0000000081000000| Complete 
|  17|0x0000000081100000, 0x0000000081200000, 0x0000000081200000|100%|HS|  |TAMS 0x0000000081200000, 0x0000000081100000| Complete 
|  18|0x0000000081200000, 0x0000000081300000, 0x0000000081300000|100%|HC|  |TAMS 0x0000000081300000, 0x0000000081200000| Complete 
|  19|0x0000000081300000, 0x0000000081400000, 0x0000000081400000|100%| O|  |TAMS 0x0000000081400000, 0x0000000081300000| Untracked 
|  20|0x0000000081400000, 0x0000000081500000, 0x0000000081500000|100%| O|  |TAMS 0x0000000081500000, 0x0000000081400000| Untracked 
|  21|0x0000000081500000, 0x0000000081600000, 0x0000000081600000|100%| O|  |TAMS 0x0000000081500000, 0x0000000081500000| Untracked 
|  22|0x0000000081600000, 0x0000000081700000, 0x0000000081700000|100%| O|  |TAMS 0x0000000081700000, 0x0000000081600000| Untracked 
|  23|0x0000000081700000, 0x0000000081800000, 0x0000000081800000|100%| O|  |TAMS 0x0000000081800000, 0x0000000081700000| Untracked 
|  24|0x0000000081800000, 0x0000000081900000, 0x0000000081900000|100%| O|  |TAMS 0x0000000081900000, 0x0000000081800000| Untracked 
|  25|0x0000000081900000, 0x0000000081a00000, 0x0000000081a00000|100%| O|  |TAMS 0x0000000081a00000, 0x0000000081900000| Untracked 
|  26|0x0000000081a00000, 0x0000000081b00000, 0x0000000081b00000|100%| O|  |TAMS 0x0000000081b00000, 0x0000000081a00000| Untracked 
|  27|0x0000000081b00000, 0x0000000081c00000, 0x0000000081c00000|100%| O|  |TAMS 0x0000000081c00000, 0x0000000081b00000| Untracked 
|  28|0x0000000081c00000, 0x0000000081d00000, 0x0000000081d00000|100%| O|  |TAMS 0x0000000081d00000, 0x0000000081c00000| Untracked 
|  29|0x0000000081d00000, 0x0000000081e00000, 0x0000000081e00000|100%| O|  |TAMS 0x0000000081d42400, 0x0000000081d00000| Untracked 
|  30|0x0000000081e00000, 0x0000000081f00000, 0x0000000081f00000|100%| O|  |TAMS 0x0000000081e00000, 0x0000000081e00000| Untracked 
|  31|0x0000000081f00000, 0x0000000082000000, 0x0000000082000000|100%| O|  |TAMS 0x0000000081f00000, 0x0000000081f00000| Untracked 
|  32|0x0000000082000000, 0x0000000082100000, 0x0000000082100000|100%| O|  |TAMS 0x0000000082000000, 0x0000000082000000| Untracked 
|  33|0x0000000082100000, 0x0000000082200000, 0x0000000082200000|100%| O|  |TAMS 0x0000000082100000, 0x0000000082100000| Untracked 
|  34|0x0000000082200000, 0x0000000082300000, 0x0000000082300000|100%| O|  |TAMS 0x0000000082200000, 0x0000000082200000| Untracked 
|  35|0x0000000082300000, 0x0000000082400000, 0x0000000082400000|100%| O|  |TAMS 0x0000000082300000, 0x0000000082300000| Untracked 
|  36|0x0000000082400000, 0x0000000082500000, 0x0000000082500000|100%| O|  |TAMS 0x0000000082400000, 0x0000000082400000| Untracked 
|  37|0x0000000082500000, 0x0000000082600000, 0x0000000082600000|100%| O|  |TAMS 0x0000000082500000, 0x0000000082500000| Untracked 
|  38|0x0000000082600000, 0x0000000082700000, 0x0000000082700000|100%| O|  |TAMS 0x0000000082600000, 0x0000000082600000| Untracked 
|  39|0x0000000082700000, 0x0000000082800000, 0x0000000082800000|100%| O|  |TAMS 0x0000000082700000, 0x0000000082700000| Untracked 
|  40|0x0000000082800000, 0x0000000082900000, 0x0000000082900000|100%| O|  |TAMS 0x0000000082800000, 0x0000000082800000| Untracked 
|  41|0x0000000082900000, 0x0000000082a00000, 0x0000000082a00000|100%| O|  |TAMS 0x0000000082900000, 0x0000000082900000| Untracked 
|  42|0x0000000082a00000, 0x0000000082b00000, 0x0000000082b00000|100%| O|  |TAMS 0x0000000082a00000, 0x0000000082a00000| Untracked 
|  43|0x0000000082b00000, 0x0000000082c00000, 0x0000000082c00000|100%| O|  |TAMS 0x0000000082b00000, 0x0000000082b00000| Untracked 
|  44|0x0000000082c00000, 0x0000000082d00000, 0x0000000082d00000|100%| O|  |TAMS 0x0000000082c00000, 0x0000000082c00000| Untracked 
|  45|0x0000000082d00000, 0x0000000082e00000, 0x0000000082e00000|100%| O|  |TAMS 0x0000000082d00000, 0x0000000082d00000| Untracked 
|  46|0x0000000082e00000, 0x0000000082f00000, 0x0000000082f00000|100%| O|  |TAMS 0x0000000082e00000, 0x0000000082e00000| Untracked 
|  47|0x0000000082f00000, 0x0000000083000000, 0x0000000083000000|100%| O|  |TAMS 0x0000000082f00000, 0x0000000082f00000| Untracked 
|  48|0x0000000083000000, 0x0000000083100000, 0x0000000083100000|100%| O|  |TAMS 0x0000000083000000, 0x0000000083000000| Untracked 
|  49|0x0000000083100000, 0x0000000083200000, 0x0000000083200000|100%| O|  |TAMS 0x0000000083100000, 0x0000000083100000| Untracked 
|  50|0x0000000083200000, 0x0000000083200000, 0x0000000083300000|  0%| F|  |TAMS 0x0000000083200000, 0x0000000083200000| Untracked 
|  51|0x0000000083300000, 0x0000000083300000, 0x0000000083400000|  0%| F|  |TAMS 0x0000000083300000, 0x0000000083300000| Untracked 
|  52|0x0000000083400000, 0x0000000083400000, 0x0000000083500000|  0%| F|  |TAMS 0x0000000083400000, 0x0000000083400000| Untracked 
|  53|0x0000000083500000, 0x0000000083500000, 0x0000000083600000|  0%| F|  |TAMS 0x0000000083500000, 0x0000000083500000| Untracked 
|  54|0x0000000083600000, 0x0000000083600000, 0x0000000083700000|  0%| F|  |TAMS 0x0000000083600000, 0x0000000083600000| Untracked 
|  55|0x0000000083700000, 0x0000000083700000, 0x0000000083800000|  0%| F|  |TAMS 0x0000000083700000, 0x0000000083700000| Untracked 
|  56|0x0000000083800000, 0x0000000083800000, 0x0000000083900000|  0%| F|  |TAMS 0x0000000083800000, 0x0000000083800000| Untracked 
|  57|0x0000000083900000, 0x0000000083900000, 0x0000000083a00000|  0%| F|  |TAMS 0x0000000083900000, 0x0000000083900000| Untracked 
|  58|0x0000000083a00000, 0x0000000083a00000, 0x0000000083b00000|  0%| F|  |TAMS 0x0000000083a00000, 0x0000000083a00000| Untracked 
|  59|0x0000000083b00000, 0x0000000083b00000, 0x0000000083c00000|  0%| F|  |TAMS 0x0000000083b00000, 0x0000000083b00000| Untracked 
|  60|0x0000000083c00000, 0x0000000083c00000, 0x0000000083d00000|  0%| F|  |TAMS 0x0000000083c00000, 0x0000000083c00000| Untracked 
|  61|0x0000000083d00000, 0x0000000083d00000, 0x0000000083e00000|  0%| F|  |TAMS 0x0000000083d00000, 0x0000000083d00000| Untracked 
|  62|0x0000000083e00000, 0x0000000083e00000, 0x0000000083f00000|  0%| F|  |TAMS 0x0000000083e00000, 0x0000000083e00000| Untracked 
|  63|0x0000000083f00000, 0x0000000083f00000, 0x0000000084000000|  0%| F|  |TAMS 0x0000000083f00000, 0x0000000083f00000| Untracked 
|  64|0x0000000084000000, 0x0000000084000000, 0x0000000084100000|  0%| F|  |TAMS 0x0000000084000000, 0x0000000084000000| Untracked 
|  65|0x0000000084100000, 0x0000000084100000, 0x0000000084200000|  0%| F|  |TAMS 0x0000000084100000, 0x0000000084100000| Untracked 
|  66|0x0000000084200000, 0x0000000084200000, 0x0000000084300000|  0%| F|  |TAMS 0x0000000084200000, 0x0000000084200000| Untracked 
|  67|0x0000000084300000, 0x0000000084300000, 0x0000000084400000|  0%| F|  |TAMS 0x0000000084300000, 0x0000000084300000| Untracked 
|  68|0x0000000084400000, 0x0000000084400000, 0x0000000084500000|  0%| F|  |TAMS 0x0000000084400000, 0x0000000084400000| Untracked 
|  69|0x0000000084500000, 0x0000000084500000, 0x0000000084600000|  0%| F|  |TAMS 0x0000000084500000, 0x0000000084500000| Untracked 
|  70|0x0000000084600000, 0x0000000084600000, 0x0000000084700000|  0%| F|  |TAMS 0x0000000084600000, 0x0000000084600000| Untracked 
|  71|0x0000000084700000, 0x0000000084700000, 0x0000000084800000|  0%| F|  |TAMS 0x0000000084700000, 0x0000000084700000| Untracked 
|  72|0x0000000084800000, 0x0000000084800000, 0x0000000084900000|  0%| F|  |TAMS 0x0000000084800000, 0x0000000084800000| Untracked 
|  73|0x0000000084900000, 0x0000000084900000, 0x0000000084a00000|  0%| F|  |TAMS 0x0000000084900000, 0x0000000084900000| Untracked 
|  74|0x0000000084a00000, 0x0000000084a00000, 0x0000000084b00000|  0%| F|  |TAMS 0x0000000084a00000, 0x0000000084a00000| Untracked 
|  75|0x0000000084b00000, 0x0000000084b00000, 0x0000000084c00000|  0%| F|  |TAMS 0x0000000084b00000, 0x0000000084b00000| Untracked 
|  76|0x0000000084c00000, 0x0000000084c00000, 0x0000000084d00000|  0%| F|  |TAMS 0x0000000084c00000, 0x0000000084c00000| Untracked 
|  77|0x0000000084d00000, 0x0000000084d00000, 0x0000000084e00000|  0%| F|  |TAMS 0x0000000084d00000, 0x0000000084d00000| Untracked 
|  78|0x0000000084e00000, 0x0000000084e00000, 0x0000000084f00000|  0%| F|  |TAMS 0x0000000084e00000, 0x0000000084e00000| Untracked 
|  79|0x0000000084f00000, 0x0000000084f00000, 0x0000000085000000|  0%| F|  |TAMS 0x0000000084f00000, 0x0000000084f00000| Untracked 
|  80|0x0000000085000000, 0x0000000085000000, 0x0000000085100000|  0%| F|  |TAMS 0x0000000085000000, 0x0000000085000000| Untracked 
|  81|0x0000000085100000, 0x0000000085100000, 0x0000000085200000|  0%| F|  |TAMS 0x0000000085100000, 0x0000000085100000| Untracked 
|  82|0x0000000085200000, 0x0000000085200000, 0x0000000085300000|  0%| F|  |TAMS 0x0000000085200000, 0x0000000085200000| Untracked 
|  83|0x0000000085300000, 0x0000000085300000, 0x0000000085400000|  0%| F|  |TAMS 0x0000000085300000, 0x0000000085300000| Untracked 
|  84|0x0000000085400000, 0x0000000085400000, 0x0000000085500000|  0%| F|  |TAMS 0x0000000085400000, 0x0000000085400000| Untracked 
|  85|0x0000000085500000, 0x0000000085500000, 0x0000000085600000|  0%| F|  |TAMS 0x0000000085500000, 0x0000000085500000| Untracked 
|  86|0x0000000085600000, 0x0000000085600000, 0x0000000085700000|  0%| F|  |TAMS 0x0000000085600000, 0x0000000085600000| Untracked 
|  87|0x0000000085700000, 0x0000000085700000, 0x0000000085800000|  0%| F|  |TAMS 0x0000000085700000, 0x0000000085700000| Untracked 
|  88|0x0000000085800000, 0x0000000085800000, 0x0000000085900000|  0%| F|  |TAMS 0x0000000085800000, 0x0000000085800000| Untracked 
|  89|0x0000000085900000, 0x0000000085900000, 0x0000000085a00000|  0%| F|  |TAMS 0x0000000085900000, 0x0000000085900000| Untracked 
|  90|0x0000000085a00000, 0x0000000085a00000, 0x0000000085b00000|  0%| F|  |TAMS 0x0000000085a00000, 0x0000000085a00000| Untracked 
|  91|0x0000000085b00000, 0x0000000085b00000, 0x0000000085c00000|  0%| F|  |TAMS 0x0000000085b00000, 0x0000000085b00000| Untracked 
|  92|0x0000000085c00000, 0x0000000085c00000, 0x0000000085d00000|  0%| F|  |TAMS 0x0000000085c00000, 0x0000000085c00000| Untracked 
|  93|0x0000000085d00000, 0x0000000085d00000, 0x0000000085e00000|  0%| F|  |TAMS 0x0000000085d00000, 0x0000000085d00000| Untracked 
|  94|0x0000000085e00000, 0x0000000085e00000, 0x0000000085f00000|  0%| F|  |TAMS 0x0000000085e00000, 0x0000000085e00000| Untracked 
|  95|0x0000000085f00000, 0x0000000085f00000, 0x0000000086000000|  0%| F|  |TAMS 0x0000000085f00000, 0x0000000085f00000| Untracked 
|  96|0x0000000086000000, 0x0000000086000000, 0x0000000086100000|  0%| F|  |TAMS 0x0000000086000000, 0x0000000086000000| Untracked 
|  97|0x0000000086100000, 0x0000000086100000, 0x0000000086200000|  0%| F|  |TAMS 0x0000000086100000, 0x0000000086100000| Untracked 
|  98|0x0000000086200000, 0x0000000086200000, 0x0000000086300000|  0%| F|  |TAMS 0x0000000086200000, 0x0000000086200000| Untracked 
|  99|0x0000000086300000, 0x0000000086300000, 0x0000000086400000|  0%| F|  |TAMS 0x0000000086300000, 0x0000000086300000| Untracked 
| 100|0x0000000086400000, 0x0000000086400000, 0x0000000086500000|  0%| F|  |TAMS 0x0000000086400000, 0x0000000086400000| Untracked 
| 101|0x0000000086500000, 0x0000000086500000, 0x0000000086600000|  0%| F|  |TAMS 0x0000000086500000, 0x0000000086500000| Untracked 
| 102|0x0000000086600000, 0x0000000086600000, 0x0000000086700000|  0%| F|  |TAMS 0x0000000086600000, 0x0000000086600000| Untracked 
| 103|0x0000000086700000, 0x0000000086700000, 0x0000000086800000|  0%| F|  |TAMS 0x0000000086700000, 0x0000000086700000| Untracked 
| 104|0x0000000086800000, 0x0000000086800000, 0x0000000086900000|  0%| F|  |TAMS 0x0000000086800000, 0x0000000086800000| Untracked 
| 105|0x0000000086900000, 0x0000000086900000, 0x0000000086a00000|  0%| F|  |TAMS 0x0000000086900000, 0x0000000086900000| Untracked 
| 106|0x0000000086a00000, 0x0000000086a00000, 0x0000000086b00000|  0%| F|  |TAMS 0x0000000086a00000, 0x0000000086a00000| Untracked 
| 107|0x0000000086b00000, 0x0000000086b00000, 0x0000000086c00000|  0%| F|  |TAMS 0x0000000086b00000, 0x0000000086b00000| Untracked 
| 108|0x0000000086c00000, 0x0000000086c00000, 0x0000000086d00000|  0%| F|  |TAMS 0x0000000086c00000, 0x0000000086c00000| Untracked 
| 109|0x0000000086d00000, 0x0000000086d00000, 0x0000000086e00000|  0%| F|  |TAMS 0x0000000086d00000, 0x0000000086d00000| Untracked 
| 110|0x0000000086e00000, 0x0000000086e00000, 0x0000000086f00000|  0%| F|  |TAMS 0x0000000086e00000, 0x0000000086e00000| Untracked 
| 111|0x0000000086f00000, 0x0000000086f00000, 0x0000000087000000|  0%| F|  |TAMS 0x0000000086f00000, 0x0000000086f00000| Untracked 
| 112|0x0000000087000000, 0x0000000087000000, 0x0000000087100000|  0%| F|  |TAMS 0x0000000087000000, 0x0000000087000000| Untracked 
| 113|0x0000000087100000, 0x0000000087100000, 0x0000000087200000|  0%| F|  |TAMS 0x0000000087100000, 0x0000000087100000| Untracked 
| 114|0x0000000087200000, 0x0000000087200000, 0x0000000087300000|  0%| F|  |TAMS 0x0000000087200000, 0x0000000087200000| Untracked 
| 115|0x0000000087300000, 0x0000000087300000, 0x0000000087400000|  0%| F|  |TAMS 0x0000000087300000, 0x0000000087300000| Untracked 
| 116|0x0000000087400000, 0x0000000087400000, 0x0000000087500000|  0%| F|  |TAMS 0x0000000087400000, 0x0000000087400000| Untracked 
| 117|0x0000000087500000, 0x0000000087500000, 0x0000000087600000|  0%| F|  |TAMS 0x0000000087500000, 0x0000000087500000| Untracked 
| 118|0x0000000087600000, 0x0000000087600000, 0x0000000087700000|  0%| F|  |TAMS 0x0000000087600000, 0x0000000087600000| Untracked 
| 119|0x0000000087700000, 0x0000000087700000, 0x0000000087800000|  0%| F|  |TAMS 0x0000000087700000, 0x0000000087700000| Untracked 
| 120|0x0000000087800000, 0x000000008787ed50, 0x0000000087900000| 49%| S|CS|TAMS 0x0000000087800000, 0x0000000087800000| Complete 
| 121|0x0000000087900000, 0x0000000087a00000, 0x0000000087a00000|100%| S|CS|TAMS 0x0000000087900000, 0x0000000087900000| Complete 
| 122|0x0000000087a00000, 0x0000000087b00000, 0x0000000087b00000|100%| S|CS|TAMS 0x0000000087a00000, 0x0000000087a00000| Complete 
| 123|0x0000000087b00000, 0x0000000087c00000, 0x0000000087c00000|100%| S|CS|TAMS 0x0000000087b00000, 0x0000000087b00000| Complete 
| 124|0x0000000087c00000, 0x0000000087d00000, 0x0000000087d00000|100%| S|CS|TAMS 0x0000000087c00000, 0x0000000087c00000| Complete 
| 125|0x0000000087d00000, 0x0000000087e00000, 0x0000000087e00000|100%| S|CS|TAMS 0x0000000087d00000, 0x0000000087d00000| Complete 
| 126|0x0000000087e00000, 0x0000000087f00000, 0x0000000087f00000|100%| S|CS|TAMS 0x0000000087e00000, 0x0000000087e00000| Complete 
| 127|0x0000000087f00000, 0x0000000088000000, 0x0000000088000000|100%| S|CS|TAMS 0x0000000087f00000, 0x0000000087f00000| Complete 
| 128|0x0000000088000000, 0x0000000088100000, 0x0000000088100000|100%| S|CS|TAMS 0x0000000088000000, 0x0000000088000000| Complete 
| 129|0x0000000088100000, 0x0000000088200000, 0x0000000088200000|100%| S|CS|TAMS 0x0000000088100000, 0x0000000088100000| Complete 
| 130|0x0000000088200000, 0x0000000088300000, 0x0000000088300000|100%| S|CS|TAMS 0x0000000088200000, 0x0000000088200000| Complete 
| 131|0x0000000088300000, 0x0000000088400000, 0x0000000088400000|100%| S|CS|TAMS 0x0000000088300000, 0x0000000088300000| Complete 
| 132|0x0000000088400000, 0x0000000088500000, 0x0000000088500000|100%| S|CS|TAMS 0x0000000088400000, 0x0000000088400000| Complete 
| 133|0x0000000088500000, 0x0000000088600000, 0x0000000088600000|100%| S|CS|TAMS 0x0000000088500000, 0x0000000088500000| Complete 
| 134|0x0000000088600000, 0x0000000088700000, 0x0000000088700000|100%| S|CS|TAMS 0x0000000088600000, 0x0000000088600000| Complete 
| 135|0x0000000088700000, 0x0000000088700000, 0x0000000088800000|  0%| F|  |TAMS 0x0000000088700000, 0x0000000088700000| Untracked 
| 136|0x0000000088800000, 0x0000000088800000, 0x0000000088900000|  0%| F|  |TAMS 0x0000000088800000, 0x0000000088800000| Untracked 
| 137|0x0000000088900000, 0x0000000088900000, 0x0000000088a00000|  0%| F|  |TAMS 0x0000000088900000, 0x0000000088900000| Untracked 
| 138|0x0000000088a00000, 0x0000000088a00000, 0x0000000088b00000|  0%| F|  |TAMS 0x0000000088a00000, 0x0000000088a00000| Untracked 
| 139|0x0000000088b00000, 0x0000000088b00000, 0x0000000088c00000|  0%| F|  |TAMS 0x0000000088b00000, 0x0000000088b00000| Untracked 
| 140|0x0000000088c00000, 0x0000000088c00000, 0x0000000088d00000|  0%| F|  |TAMS 0x0000000088c00000, 0x0000000088c00000| Untracked 
| 141|0x0000000088d00000, 0x0000000088d00000, 0x0000000088e00000|  0%| F|  |TAMS 0x0000000088d00000, 0x0000000088d00000| Untracked 
| 142|0x0000000088e00000, 0x0000000088e00000, 0x0000000088f00000|  0%| F|  |TAMS 0x0000000088e00000, 0x0000000088e00000| Untracked 
| 143|0x0000000088f00000, 0x0000000088f00000, 0x0000000089000000|  0%| F|  |TAMS 0x0000000088f00000, 0x0000000088f00000| Untracked 
| 144|0x0000000089000000, 0x0000000089000000, 0x0000000089100000|  0%| F|  |TAMS 0x0000000089000000, 0x0000000089000000| Untracked 
| 145|0x0000000089100000, 0x0000000089100000, 0x0000000089200000|  0%| F|  |TAMS 0x0000000089100000, 0x0000000089100000| Untracked 
| 146|0x0000000089200000, 0x0000000089200000, 0x0000000089300000|  0%| F|  |TAMS 0x0000000089200000, 0x0000000089200000| Untracked 
| 147|0x0000000089300000, 0x0000000089300000, 0x0000000089400000|  0%| F|  |TAMS 0x0000000089300000, 0x0000000089300000| Untracked 
| 148|0x0000000089400000, 0x0000000089400000, 0x0000000089500000|  0%| F|  |TAMS 0x0000000089400000, 0x0000000089400000| Untracked 
| 149|0x0000000089500000, 0x0000000089500000, 0x0000000089600000|  0%| F|  |TAMS 0x0000000089500000, 0x0000000089500000| Untracked 
| 150|0x0000000089600000, 0x0000000089600000, 0x0000000089700000|  0%| F|  |TAMS 0x0000000089600000, 0x0000000089600000| Untracked 
| 151|0x0000000089700000, 0x0000000089700000, 0x0000000089800000|  0%| F|  |TAMS 0x0000000089700000, 0x0000000089700000| Untracked 
| 152|0x0000000089800000, 0x0000000089800000, 0x0000000089900000|  0%| F|  |TAMS 0x0000000089800000, 0x0000000089800000| Untracked 
| 153|0x0000000089900000, 0x0000000089900000, 0x0000000089a00000|  0%| F|  |TAMS 0x0000000089900000, 0x0000000089900000| Untracked 
| 154|0x0000000089a00000, 0x0000000089a00000, 0x0000000089b00000|  0%| F|  |TAMS 0x0000000089a00000, 0x0000000089a00000| Untracked 
| 155|0x0000000089b00000, 0x0000000089b00000, 0x0000000089c00000|  0%| F|  |TAMS 0x0000000089b00000, 0x0000000089b00000| Untracked 
| 156|0x0000000089c00000, 0x0000000089c00000, 0x0000000089d00000|  0%| F|  |TAMS 0x0000000089c00000, 0x0000000089c00000| Untracked 
| 157|0x0000000089d00000, 0x0000000089d00000, 0x0000000089e00000|  0%| F|  |TAMS 0x0000000089d00000, 0x0000000089d00000| Untracked 
| 158|0x0000000089e00000, 0x0000000089e00000, 0x0000000089f00000|  0%| F|  |TAMS 0x0000000089e00000, 0x0000000089e00000| Untracked 
| 159|0x0000000089f00000, 0x0000000089f00000, 0x000000008a000000|  0%| F|  |TAMS 0x0000000089f00000, 0x0000000089f00000| Untracked 
| 160|0x000000008a000000, 0x000000008a000000, 0x000000008a100000|  0%| F|  |TAMS 0x000000008a000000, 0x000000008a000000| Untracked 
| 161|0x000000008a100000, 0x000000008a100000, 0x000000008a200000|  0%| F|  |TAMS 0x000000008a100000, 0x000000008a100000| Untracked 
| 162|0x000000008a200000, 0x000000008a200000, 0x000000008a300000|  0%| F|  |TAMS 0x000000008a200000, 0x000000008a200000| Untracked 
| 163|0x000000008a300000, 0x000000008a300000, 0x000000008a400000|  0%| F|  |TAMS 0x000000008a300000, 0x000000008a300000| Untracked 
| 164|0x000000008a400000, 0x000000008a400000, 0x000000008a500000|  0%| F|  |TAMS 0x000000008a400000, 0x000000008a400000| Untracked 
| 165|0x000000008a500000, 0x000000008a500000, 0x000000008a600000|  0%| F|  |TAMS 0x000000008a500000, 0x000000008a500000| Untracked 
| 166|0x000000008a600000, 0x000000008a600000, 0x000000008a700000|  0%| F|  |TAMS 0x000000008a600000, 0x000000008a600000| Untracked 
| 167|0x000000008a700000, 0x000000008a700000, 0x000000008a800000|  0%| F|  |TAMS 0x000000008a700000, 0x000000008a700000| Untracked 
| 168|0x000000008a800000, 0x000000008a800000, 0x000000008a900000|  0%| F|  |TAMS 0x000000008a800000, 0x000000008a800000| Untracked 
| 169|0x000000008a900000, 0x000000008a900000, 0x000000008aa00000|  0%| F|  |TAMS 0x000000008a900000, 0x000000008a900000| Untracked 
| 170|0x000000008aa00000, 0x000000008aa00000, 0x000000008ab00000|  0%| F|  |TAMS 0x000000008aa00000, 0x000000008aa00000| Untracked 
| 171|0x000000008ab00000, 0x000000008ab00000, 0x000000008ac00000|  0%| F|  |TAMS 0x000000008ab00000, 0x000000008ab00000| Untracked 
| 172|0x000000008ac00000, 0x000000008ac00000, 0x000000008ad00000|  0%| F|  |TAMS 0x000000008ac00000, 0x000000008ac00000| Untracked 
| 173|0x000000008ad00000, 0x000000008ad00000, 0x000000008ae00000|  0%| F|  |TAMS 0x000000008ad00000, 0x000000008ad00000| Untracked 
| 174|0x000000008ae00000, 0x000000008ae00000, 0x000000008af00000|  0%| F|  |TAMS 0x000000008ae00000, 0x000000008ae00000| Untracked 
| 175|0x000000008af00000, 0x000000008af00000, 0x000000008b000000|  0%| F|  |TAMS 0x000000008af00000, 0x000000008af00000| Untracked 
| 176|0x000000008b000000, 0x000000008b000000, 0x000000008b100000|  0%| F|  |TAMS 0x000000008b000000, 0x000000008b000000| Untracked 
| 177|0x000000008b100000, 0x000000008b100000, 0x000000008b200000|  0%| F|  |TAMS 0x000000008b100000, 0x000000008b100000| Untracked 
| 178|0x000000008b200000, 0x000000008b200000, 0x000000008b300000|  0%| F|  |TAMS 0x000000008b200000, 0x000000008b200000| Untracked 
| 179|0x000000008b300000, 0x000000008b300000, 0x000000008b400000|  0%| F|  |TAMS 0x000000008b300000, 0x000000008b300000| Untracked 
| 180|0x000000008b400000, 0x000000008b400000, 0x000000008b500000|  0%| F|  |TAMS 0x000000008b400000, 0x000000008b400000| Untracked 
| 181|0x000000008b500000, 0x000000008b500000, 0x000000008b600000|  0%| F|  |TAMS 0x000000008b500000, 0x000000008b500000| Untracked 
| 182|0x000000008b600000, 0x000000008b600000, 0x000000008b700000|  0%| F|  |TAMS 0x000000008b600000, 0x000000008b600000| Untracked 
| 183|0x000000008b700000, 0x000000008b700000, 0x000000008b800000|  0%| F|  |TAMS 0x000000008b700000, 0x000000008b700000| Untracked 
| 184|0x000000008b800000, 0x000000008b800000, 0x000000008b900000|  0%| F|  |TAMS 0x000000008b800000, 0x000000008b800000| Untracked 
| 185|0x000000008b900000, 0x000000008b900000, 0x000000008ba00000|  0%| F|  |TAMS 0x000000008b900000, 0x000000008b900000| Untracked 
| 186|0x000000008ba00000, 0x000000008ba00000, 0x000000008bb00000|  0%| F|  |TAMS 0x000000008ba00000, 0x000000008ba00000| Untracked 
| 187|0x000000008bb00000, 0x000000008bb00000, 0x000000008bc00000|  0%| F|  |TAMS 0x000000008bb00000, 0x000000008bb00000| Untracked 
| 188|0x000000008bc00000, 0x000000008bc00000, 0x000000008bd00000|  0%| F|  |TAMS 0x000000008bc00000, 0x000000008bc00000| Untracked 
| 189|0x000000008bd00000, 0x000000008bd00000, 0x000000008be00000|  0%| F|  |TAMS 0x000000008bd00000, 0x000000008bd00000| Untracked 
| 190|0x000000008be00000, 0x000000008be00000, 0x000000008bf00000|  0%| F|  |TAMS 0x000000008be00000, 0x000000008be00000| Untracked 
| 191|0x000000008bf00000, 0x000000008bf00000, 0x000000008c000000|  0%| F|  |TAMS 0x000000008bf00000, 0x000000008bf00000| Untracked 
| 192|0x000000008c000000, 0x000000008c000000, 0x000000008c100000|  0%| F|  |TAMS 0x000000008c000000, 0x000000008c000000| Untracked 
| 193|0x000000008c100000, 0x000000008c100000, 0x000000008c200000|  0%| F|  |TAMS 0x000000008c100000, 0x000000008c100000| Untracked 
| 194|0x000000008c200000, 0x000000008c200000, 0x000000008c300000|  0%| F|  |TAMS 0x000000008c200000, 0x000000008c200000| Untracked 
| 195|0x000000008c300000, 0x000000008c300000, 0x000000008c400000|  0%| F|  |TAMS 0x000000008c300000, 0x000000008c300000| Untracked 
| 196|0x000000008c400000, 0x000000008c400000, 0x000000008c500000|  0%| F|  |TAMS 0x000000008c400000, 0x000000008c400000| Untracked 
| 197|0x000000008c500000, 0x000000008c500000, 0x000000008c600000|  0%| F|  |TAMS 0x000000008c500000, 0x000000008c500000| Untracked 
| 198|0x000000008c600000, 0x000000008c600000, 0x000000008c700000|  0%| F|  |TAMS 0x000000008c600000, 0x000000008c600000| Untracked 
| 199|0x000000008c700000, 0x000000008c700000, 0x000000008c800000|  0%| F|  |TAMS 0x000000008c700000, 0x000000008c700000| Untracked 
| 200|0x000000008c800000, 0x000000008c800000, 0x000000008c900000|  0%| F|  |TAMS 0x000000008c800000, 0x000000008c800000| Untracked 
| 201|0x000000008c900000, 0x000000008c900000, 0x000000008ca00000|  0%| F|  |TAMS 0x000000008c900000, 0x000000008c900000| Untracked 
| 202|0x000000008ca00000, 0x000000008ca00000, 0x000000008cb00000|  0%| F|  |TAMS 0x000000008ca00000, 0x000000008ca00000| Untracked 
| 203|0x000000008cb00000, 0x000000008cb00000, 0x000000008cc00000|  0%| F|  |TAMS 0x000000008cb00000, 0x000000008cb00000| Untracked 
| 204|0x000000008cc00000, 0x000000008cc00000, 0x000000008cd00000|  0%| F|  |TAMS 0x000000008cc00000, 0x000000008cc00000| Untracked 
| 205|0x000000008cd00000, 0x000000008cd00000, 0x000000008ce00000|  0%| F|  |TAMS 0x000000008cd00000, 0x000000008cd00000| Untracked 
| 206|0x000000008ce00000, 0x000000008ce00000, 0x000000008cf00000|  0%| F|  |TAMS 0x000000008ce00000, 0x000000008ce00000| Untracked 
| 207|0x000000008cf00000, 0x000000008cf00000, 0x000000008d000000|  0%| F|  |TAMS 0x000000008cf00000, 0x000000008cf00000| Untracked 
| 208|0x000000008d000000, 0x000000008d000000, 0x000000008d100000|  0%| F|  |TAMS 0x000000008d000000, 0x000000008d000000| Untracked 
| 209|0x000000008d100000, 0x000000008d100000, 0x000000008d200000|  0%| F|  |TAMS 0x000000008d100000, 0x000000008d100000| Untracked 
| 210|0x000000008d200000, 0x000000008d200000, 0x000000008d300000|  0%| F|  |TAMS 0x000000008d200000, 0x000000008d200000| Untracked 
| 211|0x000000008d300000, 0x000000008d300000, 0x000000008d400000|  0%| F|  |TAMS 0x000000008d300000, 0x000000008d300000| Untracked 
| 212|0x000000008d400000, 0x000000008d400000, 0x000000008d500000|  0%| F|  |TAMS 0x000000008d400000, 0x000000008d400000| Untracked 
| 213|0x000000008d500000, 0x000000008d500000, 0x000000008d600000|  0%| F|  |TAMS 0x000000008d500000, 0x000000008d500000| Untracked 
| 214|0x000000008d600000, 0x000000008d600000, 0x000000008d700000|  0%| F|  |TAMS 0x000000008d600000, 0x000000008d600000| Untracked 
| 215|0x000000008d700000, 0x000000008d700000, 0x000000008d800000|  0%| F|  |TAMS 0x000000008d700000, 0x000000008d700000| Untracked 
| 216|0x000000008d800000, 0x000000008d800000, 0x000000008d900000|  0%| F|  |TAMS 0x000000008d800000, 0x000000008d800000| Untracked 
| 217|0x000000008d900000, 0x000000008d900000, 0x000000008da00000|  0%| F|  |TAMS 0x000000008d900000, 0x000000008d900000| Untracked 
| 218|0x000000008da00000, 0x000000008da00000, 0x000000008db00000|  0%| F|  |TAMS 0x000000008da00000, 0x000000008da00000| Untracked 
| 219|0x000000008db00000, 0x000000008db00000, 0x000000008dc00000|  0%| F|  |TAMS 0x000000008db00000, 0x000000008db00000| Untracked 
| 220|0x000000008dc00000, 0x000000008dc00000, 0x000000008dd00000|  0%| F|  |TAMS 0x000000008dc00000, 0x000000008dc00000| Untracked 
| 221|0x000000008dd00000, 0x000000008dd00000, 0x000000008de00000|  0%| F|  |TAMS 0x000000008dd00000, 0x000000008dd00000| Untracked 
| 222|0x000000008de00000, 0x000000008de00000, 0x000000008df00000|  0%| F|  |TAMS 0x000000008de00000, 0x000000008de00000| Untracked 
| 223|0x000000008df00000, 0x000000008df00000, 0x000000008e000000|  0%| F|  |TAMS 0x000000008df00000, 0x000000008df00000| Untracked 
| 224|0x000000008e000000, 0x000000008e000000, 0x000000008e100000|  0%| F|  |TAMS 0x000000008e000000, 0x000000008e000000| Untracked 
| 225|0x000000008e100000, 0x000000008e100000, 0x000000008e200000|  0%| F|  |TAMS 0x000000008e100000, 0x000000008e100000| Untracked 
| 226|0x000000008e200000, 0x000000008e200000, 0x000000008e300000|  0%| F|  |TAMS 0x000000008e200000, 0x000000008e200000| Untracked 
| 227|0x000000008e300000, 0x000000008e300000, 0x000000008e400000|  0%| F|  |TAMS 0x000000008e300000, 0x000000008e300000| Untracked 
| 228|0x000000008e400000, 0x000000008e400000, 0x000000008e500000|  0%| F|  |TAMS 0x000000008e400000, 0x000000008e400000| Untracked 
| 229|0x000000008e500000, 0x000000008e500000, 0x000000008e600000|  0%| F|  |TAMS 0x000000008e500000, 0x000000008e500000| Untracked 
| 230|0x000000008e600000, 0x000000008e600000, 0x000000008e700000|  0%| F|  |TAMS 0x000000008e600000, 0x000000008e600000| Untracked 
| 231|0x000000008e700000, 0x000000008e700000, 0x000000008e800000|  0%| F|  |TAMS 0x000000008e700000, 0x000000008e700000| Untracked 
| 232|0x000000008e800000, 0x000000008e800000, 0x000000008e900000|  0%| F|  |TAMS 0x000000008e800000, 0x000000008e800000| Untracked 
| 233|0x000000008e900000, 0x000000008e900000, 0x000000008ea00000|  0%| F|  |TAMS 0x000000008e900000, 0x000000008e900000| Untracked 
| 234|0x000000008ea00000, 0x000000008ea00000, 0x000000008eb00000|  0%| F|  |TAMS 0x000000008ea00000, 0x000000008ea00000| Untracked 
| 235|0x000000008eb00000, 0x000000008eb00000, 0x000000008ec00000|  0%| F|  |TAMS 0x000000008eb00000, 0x000000008eb00000| Untracked 
| 236|0x000000008ec00000, 0x000000008ec00000, 0x000000008ed00000|  0%| F|  |TAMS 0x000000008ec00000, 0x000000008ec00000| Untracked 
| 237|0x000000008ed00000, 0x000000008ed00000, 0x000000008ee00000|  0%| F|  |TAMS 0x000000008ed00000, 0x000000008ed00000| Untracked 
| 238|0x000000008ee00000, 0x000000008ee00000, 0x000000008ef00000|  0%| F|  |TAMS 0x000000008ee00000, 0x000000008ee00000| Untracked 
| 239|0x000000008ef00000, 0x000000008ef00000, 0x000000008f000000|  0%| F|  |TAMS 0x000000008ef00000, 0x000000008ef00000| Untracked 
| 240|0x000000008f000000, 0x000000008f000000, 0x000000008f100000|  0%| F|  |TAMS 0x000000008f000000, 0x000000008f000000| Untracked 
| 241|0x000000008f100000, 0x000000008f100000, 0x000000008f200000|  0%| F|  |TAMS 0x000000008f100000, 0x000000008f100000| Untracked 
| 242|0x000000008f200000, 0x000000008f200000, 0x000000008f300000|  0%| F|  |TAMS 0x000000008f200000, 0x000000008f200000| Untracked 
| 243|0x000000008f300000, 0x000000008f300000, 0x000000008f400000|  0%| F|  |TAMS 0x000000008f300000, 0x000000008f300000| Untracked 
| 244|0x000000008f400000, 0x000000008f400000, 0x000000008f500000|  0%| F|  |TAMS 0x000000008f400000, 0x000000008f400000| Untracked 
| 245|0x000000008f500000, 0x000000008f500000, 0x000000008f600000|  0%| F|  |TAMS 0x000000008f500000, 0x000000008f500000| Untracked 
| 246|0x000000008f600000, 0x000000008f600000, 0x000000008f700000|  0%| F|  |TAMS 0x000000008f600000, 0x000000008f600000| Untracked 
| 247|0x000000008f700000, 0x000000008f700000, 0x000000008f800000|  0%| F|  |TAMS 0x000000008f700000, 0x000000008f700000| Untracked 
| 248|0x000000008f800000, 0x000000008f800000, 0x000000008f900000|  0%| F|  |TAMS 0x000000008f800000, 0x000000008f800000| Untracked 
| 249|0x000000008f900000, 0x000000008f900000, 0x000000008fa00000|  0%| F|  |TAMS 0x000000008f900000, 0x000000008f900000| Untracked 
| 250|0x000000008fa00000, 0x000000008fa00000, 0x000000008fb00000|  0%| F|  |TAMS 0x000000008fa00000, 0x000000008fa00000| Untracked 
| 251|0x000000008fb00000, 0x000000008fb00000, 0x000000008fc00000|  0%| F|  |TAMS 0x000000008fb00000, 0x000000008fb00000| Untracked 
| 252|0x000000008fc00000, 0x000000008fc00000, 0x000000008fd00000|  0%| F|  |TAMS 0x000000008fc00000, 0x000000008fc00000| Untracked 
| 253|0x000000008fd00000, 0x000000008fd00000, 0x000000008fe00000|  0%| F|  |TAMS 0x000000008fd00000, 0x000000008fd00000| Untracked 
| 254|0x000000008fe00000, 0x000000008fe00000, 0x000000008ff00000|  0%| F|  |TAMS 0x000000008fe00000, 0x000000008fe00000| Untracked 
| 255|0x000000008ff00000, 0x000000008ff00000, 0x0000000090000000|  0%| F|  |TAMS 0x000000008ff00000, 0x000000008ff00000| Untracked 

Card table byte_map: [0x000001f5bd050000,0x000001f5bd450000] _byte_map_base: 0x000001f5bcc50000

Marking Bits (Prev, Next): (CMBitMap*) 0x000001f5a7e8dd30, (CMBitMap*) 0x000001f5a7e8dcf8
 Prev Bits: [0x000001f5bf850000, 0x000001f5c1850000)
 Next Bits: [0x000001f5bd850000, 0x000001f5bf850000)

Polling page: 0x000001f5a7f30000

Metaspace:

Usage:
  Non-class:     66.30 MB capacity,    65.07 MB ( 98%) used,     1.03 MB (  2%) free+waste,   207.75 KB ( <1%) overhead. 
      Class:     10.46 MB capacity,     9.76 MB ( 93%) used,   625.84 KB (  6%) free+waste,    95.38 KB ( <1%) overhead. 
       Both:     76.76 MB capacity,    74.83 MB ( 97%) used,     1.64 MB (  2%) free+waste,   303.13 KB ( <1%) overhead. 

Virtual space:
  Non-class space:       68.00 MB reserved,      66.50 MB ( 98%) committed 
      Class space:        1.00 GB reserved,      10.50 MB (  1%) committed 
             Both:        1.07 GB reserved,      77.00 MB (  7%) committed 

Chunk freelists:
   Non-Class:  14.00 KB
       Class:  6.00 KB
        Both:  20.00 KB

MaxMetaspaceSize: 17179869184.00 GB
CompressedClassSpaceSize: 1.00 GB

CodeHeap 'non-profiled nmethods': size=120000Kb used=4935Kb max_used=4935Kb free=115064Kb
 bounds [0x000001f5b4a70000, 0x000001f5b4f50000, 0x000001f5bbfa0000]
CodeHeap 'profiled nmethods': size=120000Kb used=17946Kb max_used=17946Kb free=102053Kb
 bounds [0x000001f5ad540000, 0x000001f5ae6d0000, 0x000001f5b4a70000]
CodeHeap 'non-nmethods': size=5760Kb used=2246Kb max_used=2323Kb free=3514Kb
 bounds [0x000001f5acfa0000, 0x000001f5ad210000, 0x000001f5ad540000]
 total_blobs=9273 nmethods=8440 adapters=744
 compilation: enabled
              stopped_count=0, restarted_count=0
 full_count=0

Compilation events (20 events):
Event: 8.663 Thread 0x000001f5c457b800 8717       2       com.google.android.gms.dependencies.Dependency::hashCode (57 bytes)
Event: 8.664 Thread 0x000001f5c457b800 nmethod 8717 0x000001f5ae6c4490 code [0x000001f5ae6c4660, 0x000001f5ae6c4848]
Event: 8.664 Thread 0x000001f5c457b800 8706   !   2       org.slf4j.LoggerFactory::getILoggerFactory (103 bytes)
Event: 8.664 Thread 0x000001f5c457b800 nmethod 8706 0x000001f5ae6c4990 code [0x000001f5ae6c4ba0, 0x000001f5ae6c50b8]
Event: 8.664 Thread 0x000001f5c457b800 8707       2       org.slf4j.LoggerFactory::getLogger (12 bytes)
Event: 8.664 Thread 0x000001f5c457b800 nmethod 8707 0x000001f5ae6c5310 code [0x000001f5ae6c54e0, 0x000001f5ae6c55f8]
Event: 8.664 Thread 0x000001f5c457b800 8708       2       org.gradle.internal.logging.slf4j.OutputEventListenerBackedLoggerContext::getLogger (69 bytes)
Event: 8.665 Thread 0x000001f5c457b800 nmethod 8708 0x000001f5ae6c5710 code [0x000001f5ae6c5900, 0x000001f5ae6c5d48]
Event: 8.665 Thread 0x000001f5c457b800 8711       2       kotlin.text.StringsKt__StringsJVMKt::startsWith$default (15 bytes)
Event: 8.665 Thread 0x000001f5c457b800 nmethod 8711 0x000001f5ae6c5e90 code [0x000001f5ae6c6040, 0x000001f5ae6c6148]
Event: 8.665 Thread 0x000001f5c457b800 8719       2       org.apache.commons.io.FilenameUtils::normalizeNoEndSeparator (9 bytes)
Event: 8.665 Thread 0x000001f5c457b800 nmethod 8719 0x000001f5ae6c6210 code [0x000001f5ae6c63c0, 0x000001f5ae6c64c8]
Event: 8.665 Thread 0x000001f5c457b800 8712       2       kotlin.text.StringsKt__StringsJVMKt::startsWith (37 bytes)
Event: 8.665 Thread 0x000001f5c457b800 nmethod 8712 0x000001f5ae6c6590 code [0x000001f5ae6c6780, 0x000001f5ae6c6978]
Event: 8.665 Thread 0x000001f5c457b800 8720       2       com.google.common.base.Preconditions::checkNotNull (26 bytes)
Event: 8.665 Thread 0x000001f5c457b800 nmethod 8720 0x000001f5ae6c6b10 code [0x000001f5ae6c6ce0, 0x000001f5ae6c6ff8]
Event: 8.666 Thread 0x000001f5c457b800 8722       2       org.gradle.api.internal.file.AbstractFileCollection$2::visitCollection (43 bytes)
Event: 8.666 Thread 0x000001f5c457b800 nmethod 8722 0x000001f5ae6c7190 code [0x000001f5ae6c7380, 0x000001f5ae6c75b8]
Event: 8.666 Thread 0x000001f5c457b800 8724       2       org.gradle.internal.FileUtils::normalize (52 bytes)
Event: 8.666 Thread 0x000001f5c457b800 nmethod 8724 0x000001f5ae6c7710 code [0x000001f5ae6c7940, 0x000001f5ae6c7eb8]

GC Heap History (19 events):
Event: 0.533 GC heap before
{Heap before GC invocations=0 (full 0):
 garbage-first heap   total 262144K, used 29696K [0x0000000080000000, 0x0000000100000000)
  region size 1024K, 24 young (24576K), 0 survivors (0K)
 Metaspace       used 10383K, capacity 10580K, committed 10752K, reserved 1058816K
  class space    used 1098K, capacity 1164K, committed 1280K, reserved 1048576K
}
Event: 0.537 GC heap after
{Heap after GC invocations=1 (full 0):
 garbage-first heap   total 262144K, used 8639K [0x0000000080000000, 0x0000000100000000)
  region size 1024K, 3 young (3072K), 3 survivors (3072K)
 Metaspace       used 10383K, capacity 10580K, committed 10752K, reserved 1058816K
  class space    used 1098K, capacity 1164K, committed 1280K, reserved 1048576K
}
Event: 2.162 GC heap before
{Heap before GC invocations=1 (full 0):
 garbage-first heap   total 262144K, used 93631K [0x0000000080000000, 0x0000000100000000)
  region size 1024K, 88 young (90112K), 3 survivors (3072K)
 Metaspace       used 20626K, capacity 21109K, committed 21248K, reserved 1067008K
  class space    used 2532K, capacity 2710K, committed 2816K, reserved 1048576K
}
Event: 2.171 GC heap after
{Heap after GC invocations=2 (full 0):
 garbage-first heap   total 262144K, used 15764K [0x0000000080000000, 0x0000000100000000)
  region size 1024K, 10 young (10240K), 10 survivors (10240K)
 Metaspace       used 20626K, capacity 21109K, committed 21248K, reserved 1067008K
  class space    used 2532K, capacity 2710K, committed 2816K, reserved 1048576K
}
Event: 2.419 GC heap before
{Heap before GC invocations=3 (full 0):
 garbage-first heap   total 262144K, used 44436K [0x0000000080000000, 0x0000000100000000)
  region size 1024K, 38 young (38912K), 10 survivors (10240K)
 Metaspace       used 24045K, capacity 24666K, committed 24832K, reserved 1071104K
  class space    used 3065K, capacity 3259K, committed 3328K, reserved 1048576K
}
Event: 2.426 GC heap after
{Heap after GC invocations=4 (full 0):
 garbage-first heap   total 262144K, used 18050K [0x0000000080000000, 0x0000000100000000)
  region size 1024K, 2 young (2048K), 2 survivors (2048K)
 Metaspace       used 24045K, capacity 24666K, committed 24832K, reserved 1071104K
  class space    used 3065K, capacity 3259K, committed 3328K, reserved 1048576K
}
Event: 3.057 GC heap before
{Heap before GC invocations=4 (full 0):
 garbage-first heap   total 262144K, used 86658K [0x0000000080000000, 0x0000000100000000)
  region size 1024K, 70 young (71680K), 2 survivors (2048K)
 Metaspace       used 35095K, capacity 35777K, committed 35840K, reserved 1081344K
  class space    used 4571K, capacity 4858K, committed 4864K, reserved 1048576K
}
Event: 3.063 GC heap after
{Heap after GC invocations=5 (full 0):
 garbage-first heap   total 262144K, used 21545K [0x0000000080000000, 0x0000000100000000)
  region size 1024K, 6 young (6144K), 6 survivors (6144K)
 Metaspace       used 35095K, capacity 35777K, committed 35840K, reserved 1081344K
  class space    used 4571K, capacity 4858K, committed 4864K, reserved 1048576K
}
Event: 3.846 GC heap before
{Heap before GC invocations=6 (full 0):
 garbage-first heap   total 262144K, used 115753K [0x0000000080000000, 0x0000000100000000)
  region size 1024K, 95 young (97280K), 6 survivors (6144K)
 Metaspace       used 43627K, capacity 44622K, committed 44928K, reserved 1087488K
  class space    used 5598K, capacity 5949K, committed 6016K, reserved 1048576K
}
Event: 3.854 GC heap after
{Heap after GC invocations=7 (full 0):
 garbage-first heap   total 262144K, used 26670K [0x0000000080000000, 0x0000000100000000)
  region size 1024K, 11 young (11264K), 11 survivors (11264K)
 Metaspace       used 43627K, capacity 44622K, committed 44928K, reserved 1087488K
  class space    used 5598K, capacity 5949K, committed 6016K, reserved 1048576K
}
Event: 4.910 GC heap before
{Heap before GC invocations=7 (full 0):
 garbage-first heap   total 262144K, used 158766K [0x0000000080000000, 0x0000000100000000)
  region size 1024K, 138 young (141312K), 11 survivors (11264K)
 Metaspace       used 55124K, capacity 56537K, committed 56704K, reserved 1097728K
  class space    used 7050K, capacity 7532K, committed 7552K, reserved 1048576K
}
Event: 4.924 GC heap after
{Heap after GC invocations=8 (full 0):
 garbage-first heap   total 262144K, used 39144K [0x0000000080000000, 0x0000000100000000)
  region size 1024K, 18 young (18432K), 18 survivors (18432K)
 Metaspace       used 55124K, capacity 56537K, committed 56704K, reserved 1097728K
  class space    used 7050K, capacity 7532K, committed 7552K, reserved 1048576K
}
Event: 5.262 GC heap before
{Heap before GC invocations=8 (full 0):
 garbage-first heap   total 262144K, used 73960K [0x0000000080000000, 0x0000000100000000)
  region size 1024K, 53 young (54272K), 18 survivors (18432K)
 Metaspace       used 58606K, capacity 60032K, committed 60160K, reserved 1101824K
  class space    used 7439K, capacity 7939K, committed 8064K, reserved 1048576K
}
Event: 5.291 GC heap after
{Heap after GC invocations=9 (full 0):
 garbage-first heap   total 262144K, used 43801K [0x0000000080000000, 0x0000000100000000)
  region size 1024K, 15 young (15360K), 15 survivors (15360K)
 Metaspace       used 58606K, capacity 60032K, committed 60160K, reserved 1101824K
  class space    used 7439K, capacity 7939K, committed 8064K, reserved 1048576K
}
Event: 6.138 GC heap before
{Heap before GC invocations=10 (full 0):
 garbage-first heap   total 262144K, used 151321K [0x0000000080000000, 0x0000000100000000)
  region size 1024K, 120 young (122880K), 15 survivors (15360K)
 Metaspace       used 65501K, capacity 67112K, committed 67328K, reserved 1107968K
  class space    used 8546K, capacity 9112K, committed 9216K, reserved 1048576K
}
Event: 6.151 GC heap after
{Heap after GC invocations=11 (full 0):
 garbage-first heap   total 262144K, used 52282K [0x0000000080000000, 0x0000000100000000)
  region size 1024K, 13 young (13312K), 13 survivors (13312K)
 Metaspace       used 65501K, capacity 67112K, committed 67328K, reserved 1107968K
  class space    used 8546K, capacity 9112K, committed 9216K, reserved 1048576K
}
Event: 7.929 GC heap before
{Heap before GC invocations=11 (full 0):
 garbage-first heap   total 262144K, used 163898K [0x0000000080000000, 0x0000000100000000)
  region size 1024K, 122 young (124928K), 13 survivors (13312K)
 Metaspace       used 75570K, capacity 77515K, committed 77824K, reserved 1116160K
  class space    used 9944K, capacity 10657K, committed 10752K, reserved 1048576K
}
Event: 7.944 GC heap after
{Heap after GC invocations=12 (full 0):
 garbage-first heap   total 262144K, used 59392K [0x0000000080000000, 0x0000000100000000)
  region size 1024K, 8 young (8192K), 8 survivors (8192K)
 Metaspace       used 75570K, capacity 77515K, committed 77824K, reserved 1116160K
  class space    used 9944K, capacity 10657K, committed 10752K, reserved 1048576K
}
Event: 8.667 GC heap before
{Heap before GC invocations=12 (full 0):
 garbage-first heap   total 262144K, used 174080K [0x0000000080000000, 0x0000000100000000)
  region size 1024K, 121 young (123904K), 8 survivors (8192K)
 Metaspace       used 76622K, capacity 78604K, committed 78848K, reserved 1118208K
  class space    used 9992K, capacity 10714K, committed 10752K, reserved 1048576K
}

Deoptimization events (20 events):
Event: 8.520 Thread 0x000001f5c79d9000 Uncommon trap: trap_request=0xffffffbe fr.pc=0x000001f5b4f366f4 relative=0x0000000000000734
Event: 8.520 Thread 0x000001f5c79d9000 Uncommon trap: reason=profile_predicate action=maybe_recompile pc=0x000001f5b4f366f4 method=org.gradle.internal.snapshot.SearchUtil.binarySearch(Ljava/util/List;Ljava/lang/Comparable;)I @ 88 c2
Event: 8.520 Thread 0x000001f5c79d9000 DEOPT PACKING pc=0x000001f5b4f366f4 sp=0x0000006f6f3fc2a0
Event: 8.520 Thread 0x000001f5c79d9000 DEOPT UNPACKING pc=0x000001f5acfc74af sp=0x0000006f6f3fc228 mode 2
Event: 8.520 Thread 0x000001f5c79d2800 Uncommon trap: trap_request=0xffffffbe fr.pc=0x000001f5b4f366f4 relative=0x0000000000000734
Event: 8.520 Thread 0x000001f5c79d2800 Uncommon trap: reason=profile_predicate action=maybe_recompile pc=0x000001f5b4f366f4 method=org.gradle.internal.snapshot.SearchUtil.binarySearch(Ljava/util/List;Ljava/lang/Comparable;)I @ 88 c2
Event: 8.520 Thread 0x000001f5c79d2800 DEOPT PACKING pc=0x000001f5b4f366f4 sp=0x0000006f6f0fc680
Event: 8.520 Thread 0x000001f5c79d9000 Uncommon trap: trap_request=0xffffffbe fr.pc=0x000001f5b4f366f4 relative=0x0000000000000734
Event: 8.520 Thread 0x000001f5c79d9000 Uncommon trap: reason=profile_predicate action=maybe_recompile pc=0x000001f5b4f366f4 method=org.gradle.internal.snapshot.SearchUtil.binarySearch(Ljava/util/List;Ljava/lang/Comparable;)I @ 88 c2
Event: 8.520 Thread 0x000001f5c79d9000 DEOPT PACKING pc=0x000001f5b4f366f4 sp=0x0000006f6f3fc150
Event: 8.520 Thread 0x000001f5c79d2800 DEOPT UNPACKING pc=0x000001f5acfc74af sp=0x0000006f6f0fc608 mode 2
Event: 8.520 Thread 0x000001f5c79d2800 Uncommon trap: trap_request=0xffffffbe fr.pc=0x000001f5b4f366f4 relative=0x0000000000000734
Event: 8.520 Thread 0x000001f5c79d2800 Uncommon trap: reason=profile_predicate action=maybe_recompile pc=0x000001f5b4f366f4 method=org.gradle.internal.snapshot.SearchUtil.binarySearch(Ljava/util/List;Ljava/lang/Comparable;)I @ 88 c2
Event: 8.520 Thread 0x000001f5c79d2800 DEOPT PACKING pc=0x000001f5b4f366f4 sp=0x0000006f6f0fc530
Event: 8.520 Thread 0x000001f5c79d2800 DEOPT UNPACKING pc=0x000001f5acfc74af sp=0x0000006f6f0fc4b8 mode 2
Event: 8.520 Thread 0x000001f5c79d9000 DEOPT UNPACKING pc=0x000001f5acfc74af sp=0x0000006f6f3fc0d8 mode 2
Event: 8.620 Thread 0x000001f5cc15e800 Uncommon trap: trap_request=0xffffffbe fr.pc=0x000001f5b4f313fc relative=0x00000000000008dc
Event: 8.620 Thread 0x000001f5cc15e800 Uncommon trap: reason=profile_predicate action=maybe_recompile pc=0x000001f5b4f313fc method=com.google.common.collect.RegularImmutableMap.createHashTable([Ljava/lang/Object;III)[I @ 99 c2
Event: 8.620 Thread 0x000001f5cc15e800 DEOPT PACKING pc=0x000001f5b4f313fc sp=0x0000006f762fa9b0
Event: 8.620 Thread 0x000001f5cc15e800 DEOPT UNPACKING pc=0x000001f5acfc74af sp=0x0000006f762fa930 mode 2

Classes redefined (0 events):
No events

Internal exceptions (20 events):
Event: 7.425 Thread 0x000001f5c70d2000 Exception <a 'java/lang/NoSuchMethodError'{0x000000008b0c0500}: <clinit>> (0x000000008b0c0500) thrown at [./src/hotspot/share/prims/jni.cpp, line 1362]
Event: 7.428 Thread 0x000001f5c70d2000 Exception <a 'java/lang/NoSuchMethodError'{0x000000008af04a70}: <clinit>> (0x000000008af04a70) thrown at [./src/hotspot/share/prims/jni.cpp, line 1362]
Event: 7.428 Thread 0x000001f5c70d2000 Exception <a 'java/lang/NoSuchMethodError'{0x000000008af05d48}: <clinit>> (0x000000008af05d48) thrown at [./src/hotspot/share/prims/jni.cpp, line 1362]
Event: 7.429 Thread 0x000001f5cc15e800 Exception <a 'java/lang/NoSuchMethodError'{0x000000008b0bb190}: 'java.lang.Object java.lang.invoke.Invokers$Holder.linkToTargetMethod(java.lang.Object, java.lang.Object, java.lang.Object, java.lang.Object, java.lang.Object, java.lang.Object, java.lang.Object, java.lang.Object)'> (0x000000008b0bb190) thrown at [./src/hotspot/share/interpreter/linkResolver.cpp, line 773]
Event: 7.445 Thread 0x000001f5cc15b800 Exception <a 'java/lang/NoSuchMethodError'{0x000000008ae68128}: <clinit>> (0x000000008ae68128) thrown at [./src/hotspot/share/prims/jni.cpp, line 1362]
Event: 7.450 Thread 0x000001f5cc15b800 Exception <a 'java/lang/NoSuchMethodError'{0x000000008aeb04b8}: <clinit>> (0x000000008aeb04b8) thrown at [./src/hotspot/share/prims/jni.cpp, line 1362]
Event: 7.496 Thread 0x000001f5c70d2000 Exception <a 'java/lang/NoSuchMethodError'{0x000000008acf1f00}: <clinit>> (0x000000008acf1f00) thrown at [./src/hotspot/share/prims/jni.cpp, line 1362]
Event: 7.816 Thread 0x000001f5cc15e800 Exception <a 'java/lang/NoSuchMethodError'{0x000000008a10cf68}: 'java.lang.Object java.lang.invoke.Invokers$Holder.linkToTargetMethod(java.lang.Object, java.lang.Object, java.lang.Object, java.lang.Object, java.lang.Object, java.lang.Object, java.lang.Object)'> (0x000000008a10cf68) thrown at [./src/hotspot/share/interpreter/linkResolver.cpp, line 773]
Event: 7.848 Thread 0x000001f5c79d7800 Exception <a 'java/lang/NoSuchMethodError'{0x0000000089f355e0}: 'java.lang.Object java.lang.invoke.DirectMethodHandle$Holder.invokeSpecialIFC(java.lang.Object, java.lang.Object, java.lang.Object)'> (0x0000000089f355e0) thrown at [./src/hotspot/share/interpreter/linkResolver.cpp, line 773]
Event: 7.848 Thread 0x000001f5c79d3800 Exception <a 'java/lang/NoSuchMethodError'{0x0000000089f867d8}: 'java.lang.Object java.lang.invoke.DirectMethodHandle$Holder.invokeSpecialIFC(java.lang.Object, java.lang.Object, java.lang.Object)'> (0x0000000089f867d8) thrown at [./src/hotspot/share/interpreter/linkResolver.cpp, line 773]
Event: 7.848 Thread 0x000001f5c79d0000 Exception <a 'java/lang/NoSuchMethodError'{0x0000000089f1bd78}: 'java.lang.Object java.lang.invoke.DirectMethodHandle$Holder.invokeSpecialIFC(java.lang.Object, java.lang.Object, java.lang.Object)'> (0x0000000089f1bd78) thrown at [./src/hotspot/share/interpreter/linkResolver.cpp, line 773]
Event: 7.848 Thread 0x000001f5c79d4000 Exception <a 'java/lang/NoSuchMethodError'{0x000000008a09e5e8}: 'java.lang.Object java.lang.invoke.DirectMethodHandle$Holder.invokeSpecialIFC(java.lang.Object, java.lang.Object, java.lang.Object)'> (0x000000008a09e5e8) thrown at [./src/hotspot/share/interpreter/linkResolver.cpp, line 773]
Event: 7.848 Thread 0x000001f5c79d5800 Exception <a 'java/lang/NoSuchMethodError'{0x000000008a0be180}: 'java.lang.Object java.lang.invoke.DirectMethodHandle$Holder.invokeSpecialIFC(java.lang.Object, java.lang.Object, java.lang.Object)'> (0x000000008a0be180) thrown at [./src/hotspot/share/interpreter/linkResolver.cpp, line 773]
Event: 7.848 Thread 0x000001f5c79cd800 Exception <a 'java/lang/NoSuchMethodError'{0x0000000089e67420}: 'java.lang.Object java.lang.invoke.DirectMethodHandle$Holder.invokeSpecialIFC(java.lang.Object, java.lang.Object, java.lang.Object)'> (0x0000000089e67420) thrown at [./src/hotspot/share/interpreter/linkResolver.cpp, line 773]
Event: 8.356 Thread 0x000001f5cc15e800 Exception <a 'java/lang/NoSuchMethodError'{0x000000008c1a5478}: <clinit>> (0x000000008c1a5478) thrown at [./src/hotspot/share/prims/jni.cpp, line 1362]
Event: 8.449 Thread 0x000001f5cc15e800 Exception <a 'java/lang/NoSuchMethodError'{0x000000008b4b0558}: <clinit>> (0x000000008b4b0558) thrown at [./src/hotspot/share/prims/jni.cpp, line 1362]
Event: 8.449 Thread 0x000001f5cc15e800 Exception <a 'java/lang/NoSuchMethodError'{0x000000008b4b1878}: <clinit>> (0x000000008b4b1878) thrown at [./src/hotspot/share/prims/jni.cpp, line 1362]
Event: 8.449 Thread 0x000001f5cc15e800 Exception <a 'java/lang/NoSuchMethodError'{0x000000008b4b3d30}: <clinit>> (0x000000008b4b3d30) thrown at [./src/hotspot/share/prims/jni.cpp, line 1362]
Event: 8.450 Thread 0x000001f5cc15e800 Exception <a 'java/lang/NoSuchMethodError'{0x000000008b4cb700}: <clinit>> (0x000000008b4cb700) thrown at [./src/hotspot/share/prims/jni.cpp, line 1362]
Event: 8.450 Thread 0x000001f5cc15e800 Exception <a 'java/lang/NoSuchMethodError'{0x000000008b4cc938}: <clinit>> (0x000000008b4cc938) thrown at [./src/hotspot/share/prims/jni.cpp, line 1362]

Events (20 events):
Event: 8.651 Executing VM operation: RevokeBias done
Event: 8.651 Executing VM operation: RevokeBias
Event: 8.651 Executing VM operation: RevokeBias done
Event: 8.652 loading class com/google/android/gms/dependencies/Dependency$Companion
Event: 8.652 loading class com/google/android/gms/dependencies/Dependency$Companion done
Event: 8.652 loading class com/google/android/gms/dependencies/Artifact$Companion
Event: 8.652 loading class com/google/android/gms/dependencies/Artifact$Companion done
Event: 8.652 loading class com/google/android/gms/dependencies/VersionEvaluators
Event: 8.652 loading class com/google/android/gms/dependencies/VersionEvaluators done
Event: 8.653 loading class com/google/android/gms/dependencies/VersionEvaluators$AlwaysCompatibleEvaluator
Event: 8.653 loading class com/google/android/gms/dependencies/VersionEvaluators$AlwaysCompatibleEvaluator done
Event: 8.653 loading class com/google/android/gms/dependencies/VersionEvaluator
Event: 8.653 loading class com/google/android/gms/dependencies/VersionEvaluator done
Event: 8.659 loading class org/gradle/api/artifacts/component/ProjectComponentIdentifier
Event: 8.659 loading class org/gradle/api/artifacts/component/ProjectComponentIdentifier done
Event: 8.662 loading class org/gradle/execution/plan/MutationInfo
Event: 8.662 loading class org/gradle/execution/plan/MutationInfo done
Event: 8.662 loading class org/gradle/execution/plan/LocalTaskNode$1
Event: 8.662 loading class org/gradle/execution/plan/LocalTaskNode$1 done
Event: 8.666 Executing VM operation: G1CollectForAllocation


Dynamic libraries:
0x00007ff626100000 - 0x00007ff62610a000 	D:\Android\jre\bin\java.exe
0x00007ffef9c90000 - 0x00007ffef9e85000 	C:\WINDOWS\SYSTEM32\ntdll.dll
0x00007ffef8b10000 - 0x00007ffef8bce000 	C:\WINDOWS\System32\KERNEL32.DLL
0x00007ffef7670000 - 0x00007ffef7938000 	C:\WINDOWS\System32\KERNELBASE.dll
0x00007ffef7450000 - 0x00007ffef7550000 	C:\WINDOWS\System32\ucrtbase.dll
0x00007ffec9890000 - 0x00007ffec98a9000 	D:\Android\jre\bin\jli.dll
0x00007ffec6810000 - 0x00007ffec6827000 	D:\Android\jre\bin\VCRUNTIME140.dll
0x00007ffef8200000 - 0x00007ffef83a0000 	C:\WINDOWS\System32\USER32.dll
0x00007ffef7940000 - 0x00007ffef7962000 	C:\WINDOWS\System32\win32u.dll
0x00007ffef9520000 - 0x00007ffef954b000 	C:\WINDOWS\System32\GDI32.dll
0x00007ffee3ad0000 - 0x00007ffee3d6a000 	C:\WINDOWS\WinSxS\amd64_microsoft.windows.common-controls_6595b64144ccf1df_6.0.19041.1110_none_60b5254171f9507e\COMCTL32.dll
0x00007ffef7bd0000 - 0x00007ffef7cdd000 	C:\WINDOWS\System32\gdi32full.dll
0x00007ffef89f0000 - 0x00007ffef8a8e000 	C:\WINDOWS\System32\msvcrt.dll
0x00007ffef7580000 - 0x00007ffef761d000 	C:\WINDOWS\System32\msvcp_win.dll
0x00007ffef7e10000 - 0x00007ffef7e40000 	C:\WINDOWS\System32\IMM32.DLL
0x00007ffec1440000 - 0x00007ffec14dd000 	D:\Android\jre\bin\msvcp140.dll
0x00007ffe92540000 - 0x00007ffe92ffc000 	D:\Android\jre\bin\server\jvm.dll
0x00007ffef88d0000 - 0x00007ffef897e000 	C:\WINDOWS\System32\ADVAPI32.dll
0x00007ffef83a0000 - 0x00007ffef843c000 	C:\WINDOWS\System32\sechost.dll
0x00007ffef9b20000 - 0x00007ffef9c45000 	C:\WINDOWS\System32\RPCRT4.dll
0x00007ffef8440000 - 0x00007ffef8448000 	C:\WINDOWS\System32\PSAPI.DLL
0x00007ffee15b0000 - 0x00007ffee15b9000 	C:\WINDOWS\SYSTEM32\WSOCK32.dll
0x00007ffedcb40000 - 0x00007ffedcb67000 	C:\WINDOWS\SYSTEM32\WINMM.dll
0x00007ffef0170000 - 0x00007ffef017a000 	C:\WINDOWS\SYSTEM32\VERSION.dll
0x00007ffef8980000 - 0x00007ffef89eb000 	C:\WINDOWS\System32\WS2_32.dll
0x00007ffef5c20000 - 0x00007ffef5c32000 	C:\WINDOWS\SYSTEM32\kernel.appcore.dll
0x00007ffea1990000 - 0x00007ffea19a1000 	D:\Android\jre\bin\verify.dll
0x00007ffef5190000 - 0x00007ffef5374000 	C:\WINDOWS\SYSTEM32\DBGHELP.DLL
0x00007ffedc9a0000 - 0x00007ffedc9cc000 	C:\WINDOWS\SYSTEM32\dbgcore.DLL
0x00007ffef7970000 - 0x00007ffef79f2000 	C:\WINDOWS\System32\bcryptPrimitives.dll
0x00007ffea1960000 - 0x00007ffea1989000 	D:\Android\jre\bin\java.dll
0x00007ffee1550000 - 0x00007ffee155b000 	D:\Android\jre\bin\jimage.dll
0x00007ffea1830000 - 0x00007ffea1848000 	D:\Android\jre\bin\zip.dll
0x00007ffef8dc0000 - 0x00007ffef9504000 	C:\WINDOWS\System32\SHELL32.dll
0x00007ffef5470000 - 0x00007ffef5c04000 	C:\WINDOWS\SYSTEM32\windows.storage.dll
0x00007ffef7ea0000 - 0x00007ffef81f5000 	C:\WINDOWS\System32\combase.dll
0x00007ffef6df0000 - 0x00007ffef6e1e000 	C:\WINDOWS\SYSTEM32\Wldp.dll
0x00007ffef9840000 - 0x00007ffef98ed000 	C:\WINDOWS\System32\SHCORE.dll
0x00007ffef9700000 - 0x00007ffef9755000 	C:\WINDOWS\System32\shlwapi.dll
0x00007ffef72e0000 - 0x00007ffef72ff000 	C:\WINDOWS\SYSTEM32\profapi.dll
0x00007ffea1810000 - 0x00007ffea182a000 	D:\Android\jre\bin\net.dll
0x00007ffeefc00000 - 0x00007ffeefd0c000 	C:\WINDOWS\SYSTEM32\WINHTTP.dll
0x00007ffef6b00000 - 0x00007ffef6b6a000 	C:\WINDOWS\system32\mswsock.dll
0x00007ffea17f0000 - 0x00007ffea1804000 	D:\Android\jre\bin\nio.dll
0x00007ffe86670000 - 0x00007ffe86697000 	C:\Users\Ishan\.gradle\native\fdc75f09e3144964f2cf3f50f0aa648679c211496f362492102eb8c894070792\windows-amd64\native-platform.dll
0x00007ffe864d0000 - 0x00007ffe86666000 	C:\Users\Ishan\.gradle\native\12488b8bf47d2d4c9fbf2f6322a914ad602e24e48041cd04a747c6da556b65c4\windows-amd64\native-platform-file-events.dll
0x00007ffecbf70000 - 0x00007ffecbf7a000 	D:\Android\jre\bin\management.dll
0x00007ffecb4c0000 - 0x00007ffecb4cc000 	D:\Android\jre\bin\management_ext.dll
0x00007ffef6d40000 - 0x00007ffef6d58000 	C:\WINDOWS\SYSTEM32\CRYPTSP.dll
0x00007ffef6460000 - 0x00007ffef6494000 	C:\WINDOWS\system32\rsaenh.dll
0x00007ffef7550000 - 0x00007ffef7577000 	C:\WINDOWS\System32\bcrypt.dll
0x00007ffef72a0000 - 0x00007ffef72ce000 	C:\WINDOWS\SYSTEM32\USERENV.dll
0x00007ffef6d60000 - 0x00007ffef6d6c000 	C:\WINDOWS\SYSTEM32\CRYPTBASE.dll
0x00007ffef67d0000 - 0x00007ffef680b000 	C:\WINDOWS\SYSTEM32\IPHLPAPI.DLL
0x00007ffef9510000 - 0x00007ffef9518000 	C:\WINDOWS\System32\NSI.dll
0x00007ffeef0d0000 - 0x00007ffeef0e7000 	C:\WINDOWS\SYSTEM32\dhcpcsvc6.DLL
0x00007ffeef0b0000 - 0x00007ffeef0cd000 	C:\WINDOWS\SYSTEM32\dhcpcsvc.DLL
0x00007ffef6810000 - 0x00007ffef68db000 	C:\WINDOWS\SYSTEM32\DNSAPI.dll
0x00007ffeeff70000 - 0x00007ffeeff7b000 	C:\WINDOWS\SYSTEM32\WINNSI.DLL

dbghelp: loaded successfully - version: 4.0.5 - missing functions: none
symbol engine: initialized successfully - sym options: 0x614 - pdb path: .;D:\Android\jre\bin;C:\WINDOWS\SYSTEM32;C:\WINDOWS\WinSxS\amd64_microsoft.windows.common-controls_6595b64144ccf1df_6.0.19041.1110_none_60b5254171f9507e;D:\Android\jre\bin\server;C:\Users\Ishan\.gradle\native\fdc75f09e3144964f2cf3f50f0aa648679c211496f362492102eb8c894070792\windows-amd64;C:\Users\Ishan\.gradle\native\12488b8bf47d2d4c9fbf2f6322a914ad602e24e48041cd04a747c6da556b65c4\windows-amd64

VM Arguments:
jvm_args: --add-opens=java.base/java.util=ALL-UNNAMED --add-opens=java.base/java.lang=ALL-UNNAMED --add-opens=java.base/java.lang.invoke=ALL-UNNAMED --add-opens=java.prefs/java.util.prefs=ALL-UNNAMED -Xmx2048m -Dfile.encoding=UTF-8 -Duser.country=US -Duser.language=en -Duser.variant 
java_command: org.gradle.launcher.daemon.bootstrap.GradleDaemon 6.7.1
java_class_path (initial): C:\Users\Ishan\.gradle\wrapper\dists\gradle-6.7.1-bin\bwlcbys1h7rz3272sye1xwiv6\gradle-6.7.1\lib\gradle-launcher-6.7.1.jar
Launcher Type: SUN_STANDARD

[Global flags]
     intx CICompilerCount                          = 4                                         {product} {ergonomic}
     uint ConcGCThreads                            = 3                                         {product} {ergonomic}
     uint G1ConcRefinementThreads                  = 10                                        {product} {ergonomic}
   size_t G1HeapRegionSize                         = 1048576                                   {product} {ergonomic}
    uintx GCDrainStackTargetSize                   = 64                                        {product} {ergonomic}
   size_t InitialHeapSize                          = 268435456                                 {product} {ergonomic}
   size_t MarkStackSize                            = 4194304                                   {product} {ergonomic}
   size_t MaxHeapSize                              = 2147483648                                {product} {command line}
   size_t MaxNewSize                               = 1287651328                                {product} {ergonomic}
   size_t MinHeapDeltaBytes                        = 1048576                                   {product} {ergonomic}
    uintx NonNMethodCodeHeapSize                   = 5836300                                {pd product} {ergonomic}
    uintx NonProfiledCodeHeapSize                  = 122910970                              {pd product} {ergonomic}
    uintx ProfiledCodeHeapSize                     = 122910970                              {pd product} {ergonomic}
    uintx ReservedCodeCacheSize                    = 251658240                              {pd product} {ergonomic}
     bool SegmentedCodeCache                       = true                                      {product} {ergonomic}
     bool UseCompressedClassPointers               = true                                 {lp64_product} {ergonomic}
     bool UseCompressedOops                        = true                                 {lp64_product} {ergonomic}
     bool UseG1GC                                  = true                                      {product} {ergonomic}
     bool UseLargePagesIndividualAllocation        = false                                  {pd product} {ergonomic}

Logging:
Log output configuration:
 #0: stdout all=warning uptime,level,tags
 #1: stderr all=off uptime,level,tags

Environment Variables:
JAVA_HOME=C:\Program Files\Java\jdk1.8.0_271
JRE_HOME=C:\Program Files (x86)\Java\jre1.8.0_221
CLASSPATH=".;C:\Program Files\Java\jdk1.8.0_271\lib\mariadb-java-client-2.7.0.jar";
PATH=C:\Program Files\Java\jdk1.8.0_271\bin;C:\Program Files (x86)\Common Files\Oracle\Java\javapath;C:\Windows\system32;C:\Windows;C:\Windows\System32\Wbem;C:\Windows\System32\WindowsPowerShell\v1.0\;C:\Windows\System32\OpenSSH\;C:\Program Files (x86)\NVIDIA Corporation\PhysX\Common;C:\Program Files\LLVM\bin;C:\;C:\WINDOWS\system32;C:\WINDOWS;C:\WINDOWS\System32\Wbem;C:\WINDOWS\System32\WindowsPowerShell\v1.0\;C:\WINDOWS\System32\OpenSSH\;C:\Program Files\NVIDIA Corporation\NVIDIA NvDLISR;C:\Users\Ishan\AppData\Local\Programs\Python\Python38-32\Scripts\;C:\Users\Ishan\AppData\Local\Programs\Python\Python38-32\;C:\Users\Ishan\AppData\Local\Microsoft\WindowsApps;C:\Users\Ishan\AppData\Local\Programs\Microsoft VS Code\bin;".;C:\Program Files\Java\jdk1.8.0_271\lib\mariadb-java-client-2.7.0.jar";C:\Program Files\MariaDB 10.5\bin;C:\WINDOWS\system32;C:\WINDOWS;C:\WINDOWS\System32\Wbem;C:\WINDOWS\System32\WindowsPowerShell\v1.0\;C:\WINDOWS\System32\OpenSSH\;C:\Program Files\Git\cmd;C:\src\flutter\bin;C:\Program Files\nodejs\;C:\MinGW\bin;C:\Program Files\MySQL\MySQL Shell 8.0\bin\;".;C:\Program Files\Java\jdk1.8.0_271\lib\mariadb-java-client-2.7.0.jar";C:\Program Files\MariaDB 10.5\bin;C:\Users\Ishan\AppData\Local\Programs\Python\Python38-32\Scripts\;C:\Users\Ishan\AppData\Local\Programs\Python\Python38-32\;C:\Users\Ishan\AppData\Local\Microsoft\WindowsApps;C:\Users\Ishan\AppData\Local\Programs\Microsoft VS Code\bin;C:\src\flutter\bin;C:\Users\Ishan\AppData\Roaming\npm;C:\Users\Ishan\AppData\Local\Programs\Hyper\resources\bin;
USERNAME=Ishan
OS=Windows_NT
PROCESSOR_IDENTIFIER=Intel64 Family 6 Model 158 Stepping 10, GenuineIntel



---------------  S Y S T E M  ---------------

OS: Windows 10 , 64 bit Build 19041 (10.0.19041.1503)
OS uptime: 2 days 2:15 hours

CPU:total 12 (initial active 12) (6 cores per cpu, 2 threads per core) family 6 model 158 stepping 10, cmov, cx8, fxsr, mmx, sse, sse2, sse3, ssse3, sse4.1, sse4.2, popcnt, avx, avx2, aes, clmul, erms, 3dnowpref, lzcnt, ht, tsc, tscinvbit, bmi1, bmi2, adx, fma

Memory: 4k page, system-wide physical 16263M (3627M free)
TotalPageFile size 22407M (AvailPageFile size 10M)
current process WorkingSet (physical memory assigned to process): 468M, peak: 468M
current process commit charge ("private bytes"): 562M, peak: 614M

vm_info: OpenJDK 64-Bit Server VM (11.0.8+10-b944.6842174) for windows-amd64 JRE (11.0.8+10-b944.6842174), built on Sep 19 2020 01:11:42 by "builder" with MS VC++ 14.0 (VS2015)

END.
